2024-01-03T20:26:53.375Z [Modules] Modules initializing
2024-01-03T20:26:53.375Z [Modules] Distribution: remote
2024-01-03T20:26:53.375Z [Modules] Host updates: enabled
2024-01-03T20:26:53.375Z [Modules] Module updates: enabled
2024-01-03T20:26:53.375Z [Modules] Module install path: /home/nart/.config/discord/0.0.39/modules
2024-01-03T20:26:53.375Z [Modules] Module installed file path: /home/nart/.config/discord/0.0.39/modules/installed.json
2024-01-03T20:26:53.375Z [Modules] Module download path: /home/nart/.config/discord/0.0.39/modules/pending
2024-01-03T20:26:53.493Z [Modules] Bootstrapping...
2024-01-03T20:26:53.494Z [Modules] Installing discord_desktop_core@0 from /usr/lib64/discord/resources/bootstrap/discord_desktop_core.zip
2024-01-03T20:26:53.496Z [Modules] Failed installing discord_desktop_core@0: Error: ENOENT: no such file or directory, open '/usr/lib64/discord/resources/bootstrap/discord_desktop_core.zip'
2024-01-03T20:26:53.497Z [Modules] Installing discord_erlpack@0 from /usr/lib64/discord/resources/bootstrap/discord_erlpack.zip
2024-01-03T20:26:53.498Z [Modules] Failed installing discord_erlpack@0: Error: ENOENT: no such file or directory, open '/usr/lib64/discord/resources/bootstrap/discord_erlpack.zip'
2024-01-03T20:26:53.499Z [Modules] Installing discord_spellcheck@0 from /usr/lib64/discord/resources/bootstrap/discord_spellcheck.zip
2024-01-03T20:26:53.499Z [Modules] Failed installing discord_spellcheck@0: Error: ENOENT: no such file or directory, open '/usr/lib64/discord/resources/bootstrap/discord_spellcheck.zip'
2024-01-03T20:26:53.500Z [Modules] Installing discord_utils@0 from /usr/lib64/discord/resources/bootstrap/discord_utils.zip
2024-01-03T20:26:53.501Z [Modules] Failed installing discord_utils@0: Error: ENOENT: no such file or directory, open '/usr/lib64/discord/resources/bootstrap/discord_utils.zip'
2024-01-03T20:26:53.501Z [Modules] Installing discord_voice@0 from /usr/lib64/discord/resources/bootstrap/discord_voice.zip
2024-01-03T20:26:53.502Z [Modules] Failed installing discord_voice@0: Error: ENOENT: no such file or directory, open '/usr/lib64/discord/resources/bootstrap/discord_voice.zip'
2024-01-03T20:26:53.502Z [Modules] Finished module installations. [success: 0] [failure: 5]
2024-01-03T20:26:53.502Z [Modules] Checking for host updates.
2024-01-03T20:26:53.722Z [Modules] Host is up to date.
2024-01-03T20:26:53.723Z [Modules] Checking for module updates at https://discord.com/api/modules/stable/versions.json
2024-01-03T20:26:53.783Z [Modules] Module update available: discord_desktop_core@1 [installed: 0]
2024-01-03T20:26:53.783Z [Modules] Module update available: discord_erlpack@1 [installed: 0]
2024-01-03T20:26:53.783Z [Modules] Module update available: discord_spellcheck@1 [installed: 0]
2024-01-03T20:26:53.783Z [Modules] Module update available: discord_utils@1 [installed: 0]
2024-01-03T20:26:53.783Z [Modules] Module update available: discord_voice@1 [installed: 0]
2024-01-03T20:26:53.784Z [Modules] Fetching discord_desktop_core@1 from https://discord.com/api/modules/stable/discord_desktop_core/1
2024-01-03T20:26:53.784Z [Modules] Streaming discord_desktop_core@1 to /home/nart/.config/discord/0.0.39/modules/pending/discord_desktop_core-1.zip
2024-01-03T20:26:54.012Z [Modules] Streaming discord_desktop_core@1 to /home/nart/.config/discord/0.0.39/modules/pending/discord_desktop_core-1.zip: 1%
2024-01-03T20:26:54.023Z [Modules] Streaming discord_desktop_core@1 to /home/nart/.config/discord/0.0.39/modules/pending/discord_desktop_core-1.zip: 2%
2024-01-03T20:26:54.046Z [Modules] Streaming discord_desktop_core@1 to /home/nart/.config/discord/0.0.39/modules/pending/discord_desktop_core-1.zip: 3%
2024-01-03T20:26:54.053Z [Modules] Streaming discord_desktop_core@1 to /home/nart/.config/discord/0.0.39/modules/pending/discord_desktop_core-1.zip: 4%
2024-01-03T20:26:54.057Z [Modules] Streaming discord_desktop_core@1 to /home/nart/.config/discord/0.0.39/modules/pending/discord_desktop_core-1.zip: 6%
2024-01-03T20:26:54.061Z [Modules] Streaming discord_desktop_core@1 to /home/nart/.config/discord/0.0.39/modules/pending/discord_desktop_core-1.zip: 7%
2024-01-03T20:26:54.094Z [Modules] Streaming discord_desktop_core@1 to /home/nart/.config/discord/0.0.39/modules/pending/discord_desktop_core-1.zip: 9%
2024-01-03T20:26:54.121Z [Modules] Streaming discord_desktop_core@1 to /home/nart/.config/discord/0.0.39/modules/pending/discord_desktop_core-1.zip: 11%
2024-01-03T20:26:54.126Z [Modules] Streaming discord_desktop_core@1 to /home/nart/.config/discord/0.0.39/modules/pending/discord_desktop_core-1.zip: 14%
2024-01-03T20:26:54.127Z [Modules] Streaming discord_desktop_core@1 to /home/nart/.config/discord/0.0.39/modules/pending/discord_desktop_core-1.zip: 15%
2024-01-03T20:26:54.143Z [Modules] Streaming discord_desktop_core@1 to /home/nart/.config/discord/0.0.39/modules/pending/discord_desktop_core-1.zip: 16%
2024-01-03T20:26:54.150Z [Modules] Streaming discord_desktop_core@1 to /home/nart/.config/discord/0.0.39/modules/pending/discord_desktop_core-1.zip: 17%
2024-01-03T20:26:54.151Z [Modules] Streaming discord_desktop_core@1 to /home/nart/.config/discord/0.0.39/modules/pending/discord_desktop_core-1.zip: 20%
2024-01-03T20:26:54.189Z [Modules] Streaming discord_desktop_core@1 to /home/nart/.config/discord/0.0.39/modules/pending/discord_desktop_core-1.zip: 22%
2024-01-03T20:26:54.195Z [Modules] Streaming discord_desktop_core@1 to /home/nart/.config/discord/0.0.39/modules/pending/discord_desktop_core-1.zip: 24%
2024-01-03T20:26:54.212Z [Modules] Streaming discord_desktop_core@1 to /home/nart/.config/discord/0.0.39/modules/pending/discord_desktop_core-1.zip: 25%
2024-01-03T20:26:54.226Z [Modules] Streaming discord_desktop_core@1 to /home/nart/.config/discord/0.0.39/modules/pending/discord_desktop_core-1.zip: 28%
2024-01-03T20:26:54.229Z [Modules] Streaming discord_desktop_core@1 to /home/nart/.config/discord/0.0.39/modules/pending/discord_desktop_core-1.zip: 29%
2024-01-03T20:26:54.247Z [Modules] Streaming discord_desktop_core@1 to /home/nart/.config/discord/0.0.39/modules/pending/discord_desktop_core-1.zip: 32%
2024-01-03T20:26:54.249Z [Modules] Streaming discord_desktop_core@1 to /home/nart/.config/discord/0.0.39/modules/pending/discord_desktop_core-1.zip: 37%
2024-01-03T20:26:54.258Z [Modules] Streaming discord_desktop_core@1 to /home/nart/.config/discord/0.0.39/modules/pending/discord_desktop_core-1.zip: 38%
2024-01-03T20:26:54.285Z [Modules] Streaming discord_desktop_core@1 to /home/nart/.config/discord/0.0.39/modules/pending/discord_desktop_core-1.zip: 41%
2024-01-03T20:26:54.287Z [Modules] Streaming discord_desktop_core@1 to /home/nart/.config/discord/0.0.39/modules/pending/discord_desktop_core-1.zip: 42%
2024-01-03T20:26:54.292Z [Modules] Streaming discord_desktop_core@1 to /home/nart/.config/discord/0.0.39/modules/pending/discord_desktop_core-1.zip: 45%
2024-01-03T20:26:54.300Z [Modules] Streaming discord_desktop_core@1 to /home/nart/.config/discord/0.0.39/modules/pending/discord_desktop_core-1.zip: 48%
2024-01-03T20:26:54.302Z [Modules] Streaming discord_desktop_core@1 to /home/nart/.config/discord/0.0.39/modules/pending/discord_desktop_core-1.zip: 49%
2024-01-03T20:26:54.308Z [Modules] Streaming discord_desktop_core@1 to /home/nart/.config/discord/0.0.39/modules/pending/discord_desktop_core-1.zip: 52%
2024-01-03T20:26:54.339Z [Modules] Streaming discord_desktop_core@1 to /home/nart/.config/discord/0.0.39/modules/pending/discord_desktop_core-1.zip: 55%
2024-01-03T20:26:54.341Z [Modules] Streaming discord_desktop_core@1 to /home/nart/.config/discord/0.0.39/modules/pending/discord_desktop_core-1.zip: 59%
2024-01-03T20:26:54.343Z [Modules] Streaming discord_desktop_core@1 to /home/nart/.config/discord/0.0.39/modules/pending/discord_desktop_core-1.zip: 61%
2024-01-03T20:26:54.352Z [Modules] Streaming discord_desktop_core@1 to /home/nart/.config/discord/0.0.39/modules/pending/discord_desktop_core-1.zip: 62%
2024-01-03T20:26:54.359Z [Modules] Streaming discord_desktop_core@1 to /home/nart/.config/discord/0.0.39/modules/pending/discord_desktop_core-1.zip: 65%
2024-01-03T20:26:54.360Z [Modules] Streaming discord_desktop_core@1 to /home/nart/.config/discord/0.0.39/modules/pending/discord_desktop_core-1.zip: 67%
2024-01-03T20:26:54.371Z [Modules] Streaming discord_desktop_core@1 to /home/nart/.config/discord/0.0.39/modules/pending/discord_desktop_core-1.zip: 69%
2024-01-03T20:26:54.389Z [Modules] Streaming discord_desktop_core@1 to /home/nart/.config/discord/0.0.39/modules/pending/discord_desktop_core-1.zip: 72%
2024-01-03T20:26:54.392Z [Modules] Streaming discord_desktop_core@1 to /home/nart/.config/discord/0.0.39/modules/pending/discord_desktop_core-1.zip: 73%
2024-01-03T20:26:54.395Z [Modules] Streaming discord_desktop_core@1 to /home/nart/.config/discord/0.0.39/modules/pending/discord_desktop_core-1.zip: 74%
2024-01-03T20:26:54.400Z [Modules] Streaming discord_desktop_core@1 to /home/nart/.config/discord/0.0.39/modules/pending/discord_desktop_core-1.zip: 75%
2024-01-03T20:26:54.411Z [Modules] Streaming discord_desktop_core@1 to /home/nart/.config/discord/0.0.39/modules/pending/discord_desktop_core-1.zip: 78%
2024-01-03T20:26:54.413Z [Modules] Streaming discord_desktop_core@1 to /home/nart/.config/discord/0.0.39/modules/pending/discord_desktop_core-1.zip: 80%
2024-01-03T20:26:54.419Z [Modules] Streaming discord_desktop_core@1 to /home/nart/.config/discord/0.0.39/modules/pending/discord_desktop_core-1.zip: 83%
2024-01-03T20:26:54.434Z [Modules] Streaming discord_desktop_core@1 to /home/nart/.config/discord/0.0.39/modules/pending/discord_desktop_core-1.zip: 86%
2024-01-03T20:26:54.436Z [Modules] Streaming discord_desktop_core@1 to /home/nart/.config/discord/0.0.39/modules/pending/discord_desktop_core-1.zip: 89%
2024-01-03T20:26:54.438Z [Modules] Streaming discord_desktop_core@1 to /home/nart/.config/discord/0.0.39/modules/pending/discord_desktop_core-1.zip: 91%
2024-01-03T20:26:54.450Z [Modules] Streaming discord_desktop_core@1 to /home/nart/.config/discord/0.0.39/modules/pending/discord_desktop_core-1.zip: 92%
2024-01-03T20:26:54.457Z [Modules] Streaming discord_desktop_core@1 to /home/nart/.config/discord/0.0.39/modules/pending/discord_desktop_core-1.zip: 93%
2024-01-03T20:26:54.461Z [Modules] Streaming discord_desktop_core@1 to /home/nart/.config/discord/0.0.39/modules/pending/discord_desktop_core-1.zip: 95%
2024-01-03T20:26:54.462Z [Modules] Streaming discord_desktop_core@1 to /home/nart/.config/discord/0.0.39/modules/pending/discord_desktop_core-1.zip: 98%
2024-01-03T20:26:54.468Z [Modules] Streaming discord_desktop_core@1 to /home/nart/.config/discord/0.0.39/modules/pending/discord_desktop_core-1.zip: 100%
2024-01-03T20:26:54.471Z [Modules] Fetching discord_erlpack@1 from https://discord.com/api/modules/stable/discord_erlpack/1
2024-01-03T20:26:54.471Z [Modules] Streaming discord_erlpack@1 to /home/nart/.config/discord/0.0.39/modules/pending/discord_erlpack-1.zip
2024-01-03T20:26:54.601Z [Modules] Streaming discord_erlpack@1 to /home/nart/.config/discord/0.0.39/modules/pending/discord_erlpack-1.zip: 1%
2024-01-03T20:26:54.606Z [Modules] Streaming discord_erlpack@1 to /home/nart/.config/discord/0.0.39/modules/pending/discord_erlpack-1.zip: 2%
2024-01-03T20:26:54.612Z [Modules] Streaming discord_erlpack@1 to /home/nart/.config/discord/0.0.39/modules/pending/discord_erlpack-1.zip: 3%
2024-01-03T20:26:54.628Z [Modules] Streaming discord_erlpack@1 to /home/nart/.config/discord/0.0.39/modules/pending/discord_erlpack-1.zip: 5%
2024-01-03T20:26:54.639Z [Modules] Streaming discord_erlpack@1 to /home/nart/.config/discord/0.0.39/modules/pending/discord_erlpack-1.zip: 7%
2024-01-03T20:26:54.643Z [Modules] Streaming discord_erlpack@1 to /home/nart/.config/discord/0.0.39/modules/pending/discord_erlpack-1.zip: 11%
2024-01-03T20:26:54.645Z [Modules] Streaming discord_erlpack@1 to /home/nart/.config/discord/0.0.39/modules/pending/discord_erlpack-1.zip: 12%
2024-01-03T20:26:54.651Z [Modules] Streaming discord_erlpack@1 to /home/nart/.config/discord/0.0.39/modules/pending/discord_erlpack-1.zip: 14%
2024-01-03T20:26:54.656Z [Modules] Streaming discord_erlpack@1 to /home/nart/.config/discord/0.0.39/modules/pending/discord_erlpack-1.zip: 17%
2024-01-03T20:26:54.658Z [Modules] Streaming discord_erlpack@1 to /home/nart/.config/discord/0.0.39/modules/pending/discord_erlpack-1.zip: 19%
2024-01-03T20:26:54.668Z [Modules] Streaming discord_erlpack@1 to /home/nart/.config/discord/0.0.39/modules/pending/discord_erlpack-1.zip: 20%
2024-01-03T20:26:54.670Z [Modules] Streaming discord_erlpack@1 to /home/nart/.config/discord/0.0.39/modules/pending/discord_erlpack-1.zip: 23%
2024-01-03T20:26:54.692Z [Modules] Streaming discord_erlpack@1 to /home/nart/.config/discord/0.0.39/modules/pending/discord_erlpack-1.zip: 26%
2024-01-03T20:26:54.697Z [Modules] Streaming discord_erlpack@1 to /home/nart/.config/discord/0.0.39/modules/pending/discord_erlpack-1.zip: 28%
2024-01-03T20:26:54.705Z [Modules] Streaming discord_erlpack@1 to /home/nart/.config/discord/0.0.39/modules/pending/discord_erlpack-1.zip: 31%
2024-01-03T20:26:54.709Z [Modules] Streaming discord_erlpack@1 to /home/nart/.config/discord/0.0.39/modules/pending/discord_erlpack-1.zip: 34%
2024-01-03T20:26:54.714Z [Modules] Streaming discord_erlpack@1 to /home/nart/.config/discord/0.0.39/modules/pending/discord_erlpack-1.zip: 36%
2024-01-03T20:26:54.718Z [Modules] Streaming discord_erlpack@1 to /home/nart/.config/discord/0.0.39/modules/pending/discord_erlpack-1.zip: 37%
2024-01-03T20:26:54.728Z [Modules] Streaming discord_erlpack@1 to /home/nart/.config/discord/0.0.39/modules/pending/discord_erlpack-1.zip: 39%
2024-01-03T20:26:54.735Z [Modules] Streaming discord_erlpack@1 to /home/nart/.config/discord/0.0.39/modules/pending/discord_erlpack-1.zip: 40%
2024-01-03T20:26:54.741Z [Modules] Streaming discord_erlpack@1 to /home/nart/.config/discord/0.0.39/modules/pending/discord_erlpack-1.zip: 43%
2024-01-03T20:26:54.750Z [Modules] Streaming discord_erlpack@1 to /home/nart/.config/discord/0.0.39/modules/pending/discord_erlpack-1.zip: 45%
2024-01-03T20:26:54.753Z [Modules] Streaming discord_erlpack@1 to /home/nart/.config/discord/0.0.39/modules/pending/discord_erlpack-1.zip: 47%
2024-01-03T20:26:54.757Z [Modules] Streaming discord_erlpack@1 to /home/nart/.config/discord/0.0.39/modules/pending/discord_erlpack-1.zip: 50%
2024-01-03T20:26:54.769Z [Modules] Streaming discord_erlpack@1 to /home/nart/.config/discord/0.0.39/modules/pending/discord_erlpack-1.zip: 53%
2024-01-03T20:26:54.773Z [Modules] Streaming discord_erlpack@1 to /home/nart/.config/discord/0.0.39/modules/pending/discord_erlpack-1.zip: 55%
2024-01-03T20:26:54.780Z [Modules] Streaming discord_erlpack@1 to /home/nart/.config/discord/0.0.39/modules/pending/discord_erlpack-1.zip: 57%
2024-01-03T20:26:54.783Z [Modules] Streaming discord_erlpack@1 to /home/nart/.config/discord/0.0.39/modules/pending/discord_erlpack-1.zip: 59%
2024-01-03T20:26:54.794Z [Modules] Streaming discord_erlpack@1 to /home/nart/.config/discord/0.0.39/modules/pending/discord_erlpack-1.zip: 60%
2024-01-03T20:26:54.802Z [Modules] Streaming discord_erlpack@1 to /home/nart/.config/discord/0.0.39/modules/pending/discord_erlpack-1.zip: 63%
2024-01-03T20:26:54.804Z [Modules] Streaming discord_erlpack@1 to /home/nart/.config/discord/0.0.39/modules/pending/discord_erlpack-1.zip: 64%
2024-01-03T20:26:54.807Z [Modules] Streaming discord_erlpack@1 to /home/nart/.config/discord/0.0.39/modules/pending/discord_erlpack-1.zip: 67%
2024-01-03T20:26:54.812Z [Modules] Streaming discord_erlpack@1 to /home/nart/.config/discord/0.0.39/modules/pending/discord_erlpack-1.zip: 68%
2024-01-03T20:26:54.816Z [Modules] Streaming discord_erlpack@1 to /home/nart/.config/discord/0.0.39/modules/pending/discord_erlpack-1.zip: 69%
2024-01-03T20:26:54.820Z [Modules] Streaming discord_erlpack@1 to /home/nart/.config/discord/0.0.39/modules/pending/discord_erlpack-1.zip: 71%
2024-01-03T20:26:54.824Z [Modules] Streaming discord_erlpack@1 to /home/nart/.config/discord/0.0.39/modules/pending/discord_erlpack-1.zip: 73%
2024-01-03T20:26:54.832Z [Modules] Streaming discord_erlpack@1 to /home/nart/.config/discord/0.0.39/modules/pending/discord_erlpack-1.zip: 76%
2024-01-03T20:26:54.836Z [Modules] Streaming discord_erlpack@1 to /home/nart/.config/discord/0.0.39/modules/pending/discord_erlpack-1.zip: 77%
2024-01-03T20:26:54.844Z [Modules] Streaming discord_erlpack@1 to /home/nart/.config/discord/0.0.39/modules/pending/discord_erlpack-1.zip: 78%
2024-01-03T20:26:54.849Z [Modules] Streaming discord_erlpack@1 to /home/nart/.config/discord/0.0.39/modules/pending/discord_erlpack-1.zip: 82%
2024-01-03T20:26:54.861Z [Modules] Streaming discord_erlpack@1 to /home/nart/.config/discord/0.0.39/modules/pending/discord_erlpack-1.zip: 86%
2024-01-03T20:26:54.862Z [Modules] Streaming discord_erlpack@1 to /home/nart/.config/discord/0.0.39/modules/pending/discord_erlpack-1.zip: 87%
2024-01-03T20:26:54.871Z [Modules] Streaming discord_erlpack@1 to /home/nart/.config/discord/0.0.39/modules/pending/discord_erlpack-1.zip: 90%
2024-01-03T20:26:54.876Z [Modules] Streaming discord_erlpack@1 to /home/nart/.config/discord/0.0.39/modules/pending/discord_erlpack-1.zip: 93%
2024-01-03T20:26:54.885Z [Modules] Streaming discord_erlpack@1 to /home/nart/.config/discord/0.0.39/modules/pending/discord_erlpack-1.zip: 94%
2024-01-03T20:26:54.893Z [Modules] Streaming discord_erlpack@1 to /home/nart/.config/discord/0.0.39/modules/pending/discord_erlpack-1.zip: 96%
2024-01-03T20:26:54.899Z [Modules] Streaming discord_erlpack@1 to /home/nart/.config/discord/0.0.39/modules/pending/discord_erlpack-1.zip: 100%
2024-01-03T20:26:54.902Z [Modules] Fetching discord_spellcheck@1 from https://discord.com/api/modules/stable/discord_spellcheck/1
2024-01-03T20:26:54.902Z [Modules] Streaming discord_spellcheck@1 to /home/nart/.config/discord/0.0.39/modules/pending/discord_spellcheck-1.zip
2024-01-03T20:26:55.048Z [Modules] Streaming discord_spellcheck@1 to /home/nart/.config/discord/0.0.39/modules/pending/discord_spellcheck-1.zip: 1%
2024-01-03T20:26:55.057Z [Modules] Streaming discord_spellcheck@1 to /home/nart/.config/discord/0.0.39/modules/pending/discord_spellcheck-1.zip: 2%
2024-01-03T20:26:55.067Z [Modules] Streaming discord_spellcheck@1 to /home/nart/.config/discord/0.0.39/modules/pending/discord_spellcheck-1.zip: 3%
2024-01-03T20:26:55.083Z [Modules] Streaming discord_spellcheck@1 to /home/nart/.config/discord/0.0.39/modules/pending/discord_spellcheck-1.zip: 4%
2024-01-03T20:26:55.106Z [Modules] Streaming discord_spellcheck@1 to /home/nart/.config/discord/0.0.39/modules/pending/discord_spellcheck-1.zip: 5%
2024-01-03T20:26:55.115Z [Modules] Streaming discord_spellcheck@1 to /home/nart/.config/discord/0.0.39/modules/pending/discord_spellcheck-1.zip: 6%
2024-01-03T20:26:55.126Z [Modules] Streaming discord_spellcheck@1 to /home/nart/.config/discord/0.0.39/modules/pending/discord_spellcheck-1.zip: 7%
2024-01-03T20:26:55.138Z [Modules] Streaming discord_spellcheck@1 to /home/nart/.config/discord/0.0.39/modules/pending/discord_spellcheck-1.zip: 8%
2024-01-03T20:26:55.159Z [Modules] Streaming discord_spellcheck@1 to /home/nart/.config/discord/0.0.39/modules/pending/discord_spellcheck-1.zip: 9%
2024-01-03T20:26:55.166Z [Modules] Streaming discord_spellcheck@1 to /home/nart/.config/discord/0.0.39/modules/pending/discord_spellcheck-1.zip: 10%
2024-01-03T20:26:55.179Z [Modules] Streaming discord_spellcheck@1 to /home/nart/.config/discord/0.0.39/modules/pending/discord_spellcheck-1.zip: 11%
2024-01-03T20:26:55.189Z [Modules] Streaming discord_spellcheck@1 to /home/nart/.config/discord/0.0.39/modules/pending/discord_spellcheck-1.zip: 12%
2024-01-03T20:26:55.306Z [Modules] Streaming discord_spellcheck@1 to /home/nart/.config/discord/0.0.39/modules/pending/discord_spellcheck-1.zip: 13%
2024-01-03T20:26:55.326Z [Modules] Streaming discord_spellcheck@1 to /home/nart/.config/discord/0.0.39/modules/pending/discord_spellcheck-1.zip: 14%
2024-01-03T20:26:55.341Z [Modules] Streaming discord_spellcheck@1 to /home/nart/.config/discord/0.0.39/modules/pending/discord_spellcheck-1.zip: 15%
2024-01-03T20:26:55.343Z [Modules] Streaming discord_spellcheck@1 to /home/nart/.config/discord/0.0.39/modules/pending/discord_spellcheck-1.zip: 16%
2024-01-03T20:26:55.379Z [Modules] Streaming discord_spellcheck@1 to /home/nart/.config/discord/0.0.39/modules/pending/discord_spellcheck-1.zip: 17%
2024-01-03T20:26:55.392Z [Modules] Streaming discord_spellcheck@1 to /home/nart/.config/discord/0.0.39/modules/pending/discord_spellcheck-1.zip: 18%
2024-01-03T20:26:55.410Z [Modules] Streaming discord_spellcheck@1 to /home/nart/.config/discord/0.0.39/modules/pending/discord_spellcheck-1.zip: 19%
2024-01-03T20:26:55.421Z [Modules] Streaming discord_spellcheck@1 to /home/nart/.config/discord/0.0.39/modules/pending/discord_spellcheck-1.zip: 20%
2024-01-03T20:26:55.437Z [Modules] Streaming discord_spellcheck@1 to /home/nart/.config/discord/0.0.39/modules/pending/discord_spellcheck-1.zip: 21%
2024-01-03T20:26:55.473Z [Modules] Streaming discord_spellcheck@1 to /home/nart/.config/discord/0.0.39/modules/pending/discord_spellcheck-1.zip: 22%
2024-01-03T20:26:55.478Z [Modules] Streaming discord_spellcheck@1 to /home/nart/.config/discord/0.0.39/modules/pending/discord_spellcheck-1.zip: 23%
2024-01-03T20:26:55.486Z [Modules] Streaming discord_spellcheck@1 to /home/nart/.config/discord/0.0.39/modules/pending/discord_spellcheck-1.zip: 24%
2024-01-03T20:26:55.514Z [Modules] Streaming discord_spellcheck@1 to /home/nart/.config/discord/0.0.39/modules/pending/discord_spellcheck-1.zip: 25%
2024-01-03T20:26:55.535Z [Modules] Streaming discord_spellcheck@1 to /home/nart/.config/discord/0.0.39/modules/pending/discord_spellcheck-1.zip: 26%
2024-01-03T20:26:55.574Z [Modules] Streaming discord_spellcheck@1 to /home/nart/.config/discord/0.0.39/modules/pending/discord_spellcheck-1.zip: 27%
2024-01-03T20:26:55.580Z [Modules] Streaming discord_spellcheck@1 to /home/nart/.config/discord/0.0.39/modules/pending/discord_spellcheck-1.zip: 28%
2024-01-03T20:26:55.587Z [Modules] Streaming discord_spellcheck@1 to /home/nart/.config/discord/0.0.39/modules/pending/discord_spellcheck-1.zip: 29%
2024-01-03T20:26:55.621Z [Modules] Streaming discord_spellcheck@1 to /home/nart/.config/discord/0.0.39/modules/pending/discord_spellcheck-1.zip: 30%
2024-01-03T20:26:55.640Z [Modules] Streaming discord_spellcheck@1 to /home/nart/.config/discord/0.0.39/modules/pending/discord_spellcheck-1.zip: 31%
2024-01-03T20:26:55.661Z [Modules] Streaming discord_spellcheck@1 to /home/nart/.config/discord/0.0.39/modules/pending/discord_spellcheck-1.zip: 32%
2024-01-03T20:26:55.686Z [Modules] Streaming discord_spellcheck@1 to /home/nart/.config/discord/0.0.39/modules/pending/discord_spellcheck-1.zip: 33%
2024-01-03T20:26:55.728Z [Modules] Streaming discord_spellcheck@1 to /home/nart/.config/discord/0.0.39/modules/pending/discord_spellcheck-1.zip: 34%
2024-01-03T20:26:55.733Z [Modules] Streaming discord_spellcheck@1 to /home/nart/.config/discord/0.0.39/modules/pending/discord_spellcheck-1.zip: 35%
2024-01-03T20:26:55.746Z [Modules] Streaming discord_spellcheck@1 to /home/nart/.config/discord/0.0.39/modules/pending/discord_spellcheck-1.zip: 36%
2024-01-03T20:26:55.759Z [Modules] Streaming discord_spellcheck@1 to /home/nart/.config/discord/0.0.39/modules/pending/discord_spellcheck-1.zip: 37%
2024-01-03T20:26:55.785Z [Modules] Streaming discord_spellcheck@1 to /home/nart/.config/discord/0.0.39/modules/pending/discord_spellcheck-1.zip: 38%
2024-01-03T20:26:55.787Z [Modules] Streaming discord_spellcheck@1 to /home/nart/.config/discord/0.0.39/modules/pending/discord_spellcheck-1.zip: 39%
2024-01-03T20:26:55.837Z [Modules] Streaming discord_spellcheck@1 to /home/nart/.config/discord/0.0.39/modules/pending/discord_spellcheck-1.zip: 40%
2024-01-03T20:26:55.840Z [Modules] Streaming discord_spellcheck@1 to /home/nart/.config/discord/0.0.39/modules/pending/discord_spellcheck-1.zip: 41%
2024-01-03T20:26:55.850Z [Modules] Streaming discord_spellcheck@1 to /home/nart/.config/discord/0.0.39/modules/pending/discord_spellcheck-1.zip: 42%
2024-01-03T20:26:55.863Z [Modules] Streaming discord_spellcheck@1 to /home/nart/.config/discord/0.0.39/modules/pending/discord_spellcheck-1.zip: 43%
2024-01-03T20:26:55.885Z [Modules] Streaming discord_spellcheck@1 to /home/nart/.config/discord/0.0.39/modules/pending/discord_spellcheck-1.zip: 44%
2024-01-03T20:26:55.901Z [Modules] Streaming discord_spellcheck@1 to /home/nart/.config/discord/0.0.39/modules/pending/discord_spellcheck-1.zip: 45%
2024-01-03T20:26:55.927Z [Modules] Streaming discord_spellcheck@1 to /home/nart/.config/discord/0.0.39/modules/pending/discord_spellcheck-1.zip: 46%
2024-01-03T20:26:55.938Z [Modules] Streaming discord_spellcheck@1 to /home/nart/.config/discord/0.0.39/modules/pending/discord_spellcheck-1.zip: 47%
2024-01-03T20:26:55.940Z [Modules] Streaming discord_spellcheck@1 to /home/nart/.config/discord/0.0.39/modules/pending/discord_spellcheck-1.zip: 48%
2024-01-03T20:26:55.964Z [Modules] Streaming discord_spellcheck@1 to /home/nart/.config/discord/0.0.39/modules/pending/discord_spellcheck-1.zip: 49%
2024-01-03T20:26:55.987Z [Modules] Streaming discord_spellcheck@1 to /home/nart/.config/discord/0.0.39/modules/pending/discord_spellcheck-1.zip: 50%
2024-01-03T20:26:55.989Z [Modules] Streaming discord_spellcheck@1 to /home/nart/.config/discord/0.0.39/modules/pending/discord_spellcheck-1.zip: 51%
2024-01-03T20:26:56.004Z [Modules] Streaming discord_spellcheck@1 to /home/nart/.config/discord/0.0.39/modules/pending/discord_spellcheck-1.zip: 52%
2024-01-03T20:26:56.025Z [Modules] Streaming discord_spellcheck@1 to /home/nart/.config/discord/0.0.39/modules/pending/discord_spellcheck-1.zip: 53%
2024-01-03T20:26:56.040Z [Modules] Streaming discord_spellcheck@1 to /home/nart/.config/discord/0.0.39/modules/pending/discord_spellcheck-1.zip: 54%
2024-01-03T20:26:56.048Z [Modules] Streaming discord_spellcheck@1 to /home/nart/.config/discord/0.0.39/modules/pending/discord_spellcheck-1.zip: 55%
2024-01-03T20:26:56.064Z [Modules] Streaming discord_spellcheck@1 to /home/nart/.config/discord/0.0.39/modules/pending/discord_spellcheck-1.zip: 56%
2024-01-03T20:26:56.077Z [Modules] Streaming discord_spellcheck@1 to /home/nart/.config/discord/0.0.39/modules/pending/discord_spellcheck-1.zip: 57%
2024-01-03T20:26:56.084Z [Modules] Streaming discord_spellcheck@1 to /home/nart/.config/discord/0.0.39/modules/pending/discord_spellcheck-1.zip: 58%
2024-01-03T20:26:56.104Z [Modules] Streaming discord_spellcheck@1 to /home/nart/.config/discord/0.0.39/modules/pending/discord_spellcheck-1.zip: 59%
2024-01-03T20:26:56.143Z [Modules] Streaming discord_spellcheck@1 to /home/nart/.config/discord/0.0.39/modules/pending/discord_spellcheck-1.zip: 60%
2024-01-03T20:26:56.161Z [Modules] Streaming discord_spellcheck@1 to /home/nart/.config/discord/0.0.39/modules/pending/discord_spellcheck-1.zip: 61%
2024-01-03T20:26:56.179Z [Modules] Streaming discord_spellcheck@1 to /home/nart/.config/discord/0.0.39/modules/pending/discord_spellcheck-1.zip: 62%
2024-01-03T20:26:56.188Z [Modules] Streaming discord_spellcheck@1 to /home/nart/.config/discord/0.0.39/modules/pending/discord_spellcheck-1.zip: 63%
2024-01-03T20:26:56.202Z [Modules] Streaming discord_spellcheck@1 to /home/nart/.config/discord/0.0.39/modules/pending/discord_spellcheck-1.zip: 64%
2024-01-03T20:26:56.214Z [Modules] Streaming discord_spellcheck@1 to /home/nart/.config/discord/0.0.39/modules/pending/discord_spellcheck-1.zip: 65%
2024-01-03T20:26:56.235Z [Modules] Streaming discord_spellcheck@1 to /home/nart/.config/discord/0.0.39/modules/pending/discord_spellcheck-1.zip: 66%
2024-01-03T20:26:56.252Z [Modules] Streaming discord_spellcheck@1 to /home/nart/.config/discord/0.0.39/modules/pending/discord_spellcheck-1.zip: 67%
2024-01-03T20:26:56.272Z [Modules] Streaming discord_spellcheck@1 to /home/nart/.config/discord/0.0.39/modules/pending/discord_spellcheck-1.zip: 68%
2024-01-03T20:26:56.291Z [Modules] Streaming discord_spellcheck@1 to /home/nart/.config/discord/0.0.39/modules/pending/discord_spellcheck-1.zip: 69%
2024-01-03T20:26:56.302Z [Modules] Streaming discord_spellcheck@1 to /home/nart/.config/discord/0.0.39/modules/pending/discord_spellcheck-1.zip: 70%
2024-01-03T20:26:56.314Z [Modules] Streaming discord_spellcheck@1 to /home/nart/.config/discord/0.0.39/modules/pending/discord_spellcheck-1.zip: 71%
2024-01-03T20:26:56.334Z [Modules] Streaming discord_spellcheck@1 to /home/nart/.config/discord/0.0.39/modules/pending/discord_spellcheck-1.zip: 72%
2024-01-03T20:26:56.345Z [Modules] Streaming discord_spellcheck@1 to /home/nart/.config/discord/0.0.39/modules/pending/discord_spellcheck-1.zip: 73%
2024-01-03T20:26:56.377Z [Modules] Streaming discord_spellcheck@1 to /home/nart/.config/discord/0.0.39/modules/pending/discord_spellcheck-1.zip: 74%
2024-01-03T20:26:56.382Z [Modules] Streaming discord_spellcheck@1 to /home/nart/.config/discord/0.0.39/modules/pending/discord_spellcheck-1.zip: 75%
2024-01-03T20:26:56.395Z [Modules] Streaming discord_spellcheck@1 to /home/nart/.config/discord/0.0.39/modules/pending/discord_spellcheck-1.zip: 76%
2024-01-03T20:26:56.415Z [Modules] Streaming discord_spellcheck@1 to /home/nart/.config/discord/0.0.39/modules/pending/discord_spellcheck-1.zip: 77%
2024-01-03T20:26:56.443Z [Modules] Streaming discord_spellcheck@1 to /home/nart/.config/discord/0.0.39/modules/pending/discord_spellcheck-1.zip: 78%
2024-01-03T20:26:56.452Z [Modules] Streaming discord_spellcheck@1 to /home/nart/.config/discord/0.0.39/modules/pending/discord_spellcheck-1.zip: 79%
2024-01-03T20:26:56.469Z [Modules] Streaming discord_spellcheck@1 to /home/nart/.config/discord/0.0.39/modules/pending/discord_spellcheck-1.zip: 80%
2024-01-03T20:26:56.495Z [Modules] Streaming discord_spellcheck@1 to /home/nart/.config/discord/0.0.39/modules/pending/discord_spellcheck-1.zip: 81%
2024-01-03T20:26:56.505Z [Modules] Streaming discord_spellcheck@1 to /home/nart/.config/discord/0.0.39/modules/pending/discord_spellcheck-1.zip: 82%
2024-01-03T20:26:56.515Z [Modules] Streaming discord_spellcheck@1 to /home/nart/.config/discord/0.0.39/modules/pending/discord_spellcheck-1.zip: 83%
2024-01-03T20:26:56.547Z [Modules] Streaming discord_spellcheck@1 to /home/nart/.config/discord/0.0.39/modules/pending/discord_spellcheck-1.zip: 84%
2024-01-03T20:26:56.560Z [Modules] Streaming discord_spellcheck@1 to /home/nart/.config/discord/0.0.39/modules/pending/discord_spellcheck-1.zip: 85%
2024-01-03T20:26:56.589Z [Modules] Streaming discord_spellcheck@1 to /home/nart/.config/discord/0.0.39/modules/pending/discord_spellcheck-1.zip: 86%
2024-01-03T20:26:56.601Z [Modules] Streaming discord_spellcheck@1 to /home/nart/.config/discord/0.0.39/modules/pending/discord_spellcheck-1.zip: 87%
2024-01-03T20:26:56.614Z [Modules] Streaming discord_spellcheck@1 to /home/nart/.config/discord/0.0.39/modules/pending/discord_spellcheck-1.zip: 88%
2024-01-03T20:26:56.625Z [Modules] Streaming discord_spellcheck@1 to /home/nart/.config/discord/0.0.39/modules/pending/discord_spellcheck-1.zip: 89%
2024-01-03T20:26:56.651Z [Modules] Streaming discord_spellcheck@1 to /home/nart/.config/discord/0.0.39/modules/pending/discord_spellcheck-1.zip: 90%
2024-01-03T20:26:56.667Z [Modules] Streaming discord_spellcheck@1 to /home/nart/.config/discord/0.0.39/modules/pending/discord_spellcheck-1.zip: 91%
2024-01-03T20:26:56.680Z [Modules] Streaming discord_spellcheck@1 to /home/nart/.config/discord/0.0.39/modules/pending/discord_spellcheck-1.zip: 92%
2024-01-03T20:26:56.683Z [Modules] Streaming discord_spellcheck@1 to /home/nart/.config/discord/0.0.39/modules/pending/discord_spellcheck-1.zip: 93%
2024-01-03T20:26:56.698Z [Modules] Streaming discord_spellcheck@1 to /home/nart/.config/discord/0.0.39/modules/pending/discord_spellcheck-1.zip: 94%
2024-01-03T20:26:56.703Z [Modules] Streaming discord_spellcheck@1 to /home/nart/.config/discord/0.0.39/modules/pending/discord_spellcheck-1.zip: 95%
2024-01-03T20:26:56.717Z [Modules] Streaming discord_spellcheck@1 to /home/nart/.config/discord/0.0.39/modules/pending/discord_spellcheck-1.zip: 96%
2024-01-03T20:26:56.725Z [Modules] Streaming discord_spellcheck@1 to /home/nart/.config/discord/0.0.39/modules/pending/discord_spellcheck-1.zip: 97%
2024-01-03T20:26:56.761Z [Modules] Streaming discord_spellcheck@1 to /home/nart/.config/discord/0.0.39/modules/pending/discord_spellcheck-1.zip: 98%
2024-01-03T20:26:56.765Z [Modules] Streaming discord_spellcheck@1 to /home/nart/.config/discord/0.0.39/modules/pending/discord_spellcheck-1.zip: 99%
2024-01-03T20:26:56.780Z [Modules] Streaming discord_spellcheck@1 to /home/nart/.config/discord/0.0.39/modules/pending/discord_spellcheck-1.zip: 100%
2024-01-03T20:26:56.783Z [Modules] Fetching discord_utils@1 from https://discord.com/api/modules/stable/discord_utils/1
2024-01-03T20:26:56.783Z [Modules] Streaming discord_utils@1 to /home/nart/.config/discord/0.0.39/modules/pending/discord_utils-1.zip
2024-01-03T20:26:56.955Z [Modules] Streaming discord_utils@1 to /home/nart/.config/discord/0.0.39/modules/pending/discord_utils-1.zip: 1%
2024-01-03T20:26:56.958Z [Modules] Streaming discord_utils@1 to /home/nart/.config/discord/0.0.39/modules/pending/discord_utils-1.zip: 2%
2024-01-03T20:26:56.964Z [Modules] Streaming discord_utils@1 to /home/nart/.config/discord/0.0.39/modules/pending/discord_utils-1.zip: 4%
2024-01-03T20:26:56.969Z [Modules] Streaming discord_utils@1 to /home/nart/.config/discord/0.0.39/modules/pending/discord_utils-1.zip: 6%
2024-01-03T20:26:56.970Z [Modules] Streaming discord_utils@1 to /home/nart/.config/discord/0.0.39/modules/pending/discord_utils-1.zip: 7%
2024-01-03T20:26:56.988Z [Modules] Streaming discord_utils@1 to /home/nart/.config/discord/0.0.39/modules/pending/discord_utils-1.zip: 9%
2024-01-03T20:26:56.992Z [Modules] Streaming discord_utils@1 to /home/nart/.config/discord/0.0.39/modules/pending/discord_utils-1.zip: 11%
2024-01-03T20:26:57.005Z [Modules] Streaming discord_utils@1 to /home/nart/.config/discord/0.0.39/modules/pending/discord_utils-1.zip: 12%
2024-01-03T20:26:57.009Z [Modules] Streaming discord_utils@1 to /home/nart/.config/discord/0.0.39/modules/pending/discord_utils-1.zip: 14%
2024-01-03T20:26:57.025Z [Modules] Streaming discord_utils@1 to /home/nart/.config/discord/0.0.39/modules/pending/discord_utils-1.zip: 16%
2024-01-03T20:26:57.027Z [Modules] Streaming discord_utils@1 to /home/nart/.config/discord/0.0.39/modules/pending/discord_utils-1.zip: 17%
2024-01-03T20:26:57.052Z [Modules] Streaming discord_utils@1 to /home/nart/.config/discord/0.0.39/modules/pending/discord_utils-1.zip: 19%
2024-01-03T20:26:57.070Z [Modules] Streaming discord_utils@1 to /home/nart/.config/discord/0.0.39/modules/pending/discord_utils-1.zip: 21%
2024-01-03T20:26:57.071Z [Modules] Streaming discord_utils@1 to /home/nart/.config/discord/0.0.39/modules/pending/discord_utils-1.zip: 23%
2024-01-03T20:26:57.077Z [Modules] Streaming discord_utils@1 to /home/nart/.config/discord/0.0.39/modules/pending/discord_utils-1.zip: 24%
2024-01-03T20:26:57.081Z [Modules] Streaming discord_utils@1 to /home/nart/.config/discord/0.0.39/modules/pending/discord_utils-1.zip: 25%
2024-01-03T20:26:57.091Z [Modules] Streaming discord_utils@1 to /home/nart/.config/discord/0.0.39/modules/pending/discord_utils-1.zip: 27%
2024-01-03T20:26:57.093Z [Modules] Streaming discord_utils@1 to /home/nart/.config/discord/0.0.39/modules/pending/discord_utils-1.zip: 28%
2024-01-03T20:26:57.099Z [Modules] Streaming discord_utils@1 to /home/nart/.config/discord/0.0.39/modules/pending/discord_utils-1.zip: 29%
2024-01-03T20:26:57.102Z [Modules] Streaming discord_utils@1 to /home/nart/.config/discord/0.0.39/modules/pending/discord_utils-1.zip: 30%
2024-01-03T20:26:57.106Z [Modules] Streaming discord_utils@1 to /home/nart/.config/discord/0.0.39/modules/pending/discord_utils-1.zip: 32%
2024-01-03T20:26:57.112Z [Modules] Streaming discord_utils@1 to /home/nart/.config/discord/0.0.39/modules/pending/discord_utils-1.zip: 33%
2024-01-03T20:26:57.118Z [Modules] Streaming discord_utils@1 to /home/nart/.config/discord/0.0.39/modules/pending/discord_utils-1.zip: 35%
2024-01-03T20:26:57.149Z [Modules] Streaming discord_utils@1 to /home/nart/.config/discord/0.0.39/modules/pending/discord_utils-1.zip: 36%
2024-01-03T20:26:57.155Z [Modules] Streaming discord_utils@1 to /home/nart/.config/discord/0.0.39/modules/pending/discord_utils-1.zip: 37%
2024-01-03T20:26:57.159Z [Modules] Streaming discord_utils@1 to /home/nart/.config/discord/0.0.39/modules/pending/discord_utils-1.zip: 39%
2024-01-03T20:26:57.172Z [Modules] Streaming discord_utils@1 to /home/nart/.config/discord/0.0.39/modules/pending/discord_utils-1.zip: 41%
2024-01-03T20:26:57.174Z [Modules] Streaming discord_utils@1 to /home/nart/.config/discord/0.0.39/modules/pending/discord_utils-1.zip: 43%
2024-01-03T20:26:57.181Z [Modules] Streaming discord_utils@1 to /home/nart/.config/discord/0.0.39/modules/pending/discord_utils-1.zip: 44%
2024-01-03T20:26:57.193Z [Modules] Streaming discord_utils@1 to /home/nart/.config/discord/0.0.39/modules/pending/discord_utils-1.zip: 46%
2024-01-03T20:26:57.209Z [Modules] Streaming discord_utils@1 to /home/nart/.config/discord/0.0.39/modules/pending/discord_utils-1.zip: 47%
2024-01-03T20:26:57.217Z [Modules] Streaming discord_utils@1 to /home/nart/.config/discord/0.0.39/modules/pending/discord_utils-1.zip: 50%
2024-01-03T20:26:57.226Z [Modules] Streaming discord_utils@1 to /home/nart/.config/discord/0.0.39/modules/pending/discord_utils-1.zip: 51%
2024-01-03T20:26:57.233Z [Modules] Streaming discord_utils@1 to /home/nart/.config/discord/0.0.39/modules/pending/discord_utils-1.zip: 53%
2024-01-03T20:26:57.235Z [Modules] Streaming discord_utils@1 to /home/nart/.config/discord/0.0.39/modules/pending/discord_utils-1.zip: 54%
2024-01-03T20:26:57.258Z [Modules] Streaming discord_utils@1 to /home/nart/.config/discord/0.0.39/modules/pending/discord_utils-1.zip: 55%
2024-01-03T20:26:57.265Z [Modules] Streaming discord_utils@1 to /home/nart/.config/discord/0.0.39/modules/pending/discord_utils-1.zip: 56%
2024-01-03T20:26:57.269Z [Modules] Streaming discord_utils@1 to /home/nart/.config/discord/0.0.39/modules/pending/discord_utils-1.zip: 57%
2024-01-03T20:26:57.276Z [Modules] Streaming discord_utils@1 to /home/nart/.config/discord/0.0.39/modules/pending/discord_utils-1.zip: 58%
2024-01-03T20:26:57.282Z [Modules] Streaming discord_utils@1 to /home/nart/.config/discord/0.0.39/modules/pending/discord_utils-1.zip: 60%
2024-01-03T20:26:57.289Z [Modules] Streaming discord_utils@1 to /home/nart/.config/discord/0.0.39/modules/pending/discord_utils-1.zip: 62%
2024-01-03T20:26:57.312Z [Modules] Streaming discord_utils@1 to /home/nart/.config/discord/0.0.39/modules/pending/discord_utils-1.zip: 64%
2024-01-03T20:26:57.314Z [Modules] Streaming discord_utils@1 to /home/nart/.config/discord/0.0.39/modules/pending/discord_utils-1.zip: 65%
2024-01-03T20:26:57.316Z [Modules] Streaming discord_utils@1 to /home/nart/.config/discord/0.0.39/modules/pending/discord_utils-1.zip: 67%
2024-01-03T20:26:57.325Z [Modules] Streaming discord_utils@1 to /home/nart/.config/discord/0.0.39/modules/pending/discord_utils-1.zip: 69%
2024-01-03T20:26:57.339Z [Modules] Streaming discord_utils@1 to /home/nart/.config/discord/0.0.39/modules/pending/discord_utils-1.zip: 71%
2024-01-03T20:26:57.359Z [Modules] Streaming discord_utils@1 to /home/nart/.config/discord/0.0.39/modules/pending/discord_utils-1.zip: 72%
2024-01-03T20:26:57.373Z [Modules] Streaming discord_utils@1 to /home/nart/.config/discord/0.0.39/modules/pending/discord_utils-1.zip: 74%
2024-01-03T20:26:57.378Z [Modules] Streaming discord_utils@1 to /home/nart/.config/discord/0.0.39/modules/pending/discord_utils-1.zip: 76%
2024-01-03T20:26:57.379Z [Modules] Streaming discord_utils@1 to /home/nart/.config/discord/0.0.39/modules/pending/discord_utils-1.zip: 77%
2024-01-03T20:26:57.404Z [Modules] Streaming discord_utils@1 to /home/nart/.config/discord/0.0.39/modules/pending/discord_utils-1.zip: 79%
2024-01-03T20:26:57.413Z [Modules] Streaming discord_utils@1 to /home/nart/.config/discord/0.0.39/modules/pending/discord_utils-1.zip: 81%
2024-01-03T20:26:57.440Z [Modules] Streaming discord_utils@1 to /home/nart/.config/discord/0.0.39/modules/pending/discord_utils-1.zip: 83%
2024-01-03T20:26:57.442Z [Modules] Streaming discord_utils@1 to /home/nart/.config/discord/0.0.39/modules/pending/discord_utils-1.zip: 86%
2024-01-03T20:26:57.443Z [Modules] Streaming discord_utils@1 to /home/nart/.config/discord/0.0.39/modules/pending/discord_utils-1.zip: 87%
2024-01-03T20:26:57.460Z [Modules] Streaming discord_utils@1 to /home/nart/.config/discord/0.0.39/modules/pending/discord_utils-1.zip: 89%
2024-01-03T20:26:57.471Z [Modules] Streaming discord_utils@1 to /home/nart/.config/discord/0.0.39/modules/pending/discord_utils-1.zip: 91%
2024-01-03T20:26:57.472Z [Modules] Streaming discord_utils@1 to /home/nart/.config/discord/0.0.39/modules/pending/discord_utils-1.zip: 93%
2024-01-03T20:26:57.476Z [Modules] Streaming discord_utils@1 to /home/nart/.config/discord/0.0.39/modules/pending/discord_utils-1.zip: 94%
2024-01-03T20:26:57.496Z [Modules] Streaming discord_utils@1 to /home/nart/.config/discord/0.0.39/modules/pending/discord_utils-1.zip: 95%
2024-01-03T20:26:57.503Z [Modules] Streaming discord_utils@1 to /home/nart/.config/discord/0.0.39/modules/pending/discord_utils-1.zip: 97%
2024-01-03T20:26:57.505Z [Modules] Streaming discord_utils@1 to /home/nart/.config/discord/0.0.39/modules/pending/discord_utils-1.zip: 98%
2024-01-03T20:26:57.515Z [Modules] Streaming discord_utils@1 to /home/nart/.config/discord/0.0.39/modules/pending/discord_utils-1.zip: 99%
2024-01-03T20:26:57.532Z [Modules] Streaming discord_utils@1 to /home/nart/.config/discord/0.0.39/modules/pending/discord_utils-1.zip: 100%
2024-01-03T20:26:57.534Z [Modules] Fetching discord_voice@1 from https://discord.com/api/modules/stable/discord_voice/1
2024-01-03T20:26:57.534Z [Modules] Streaming discord_voice@1 to /home/nart/.config/discord/0.0.39/modules/pending/discord_voice-1.zip
2024-01-03T20:26:57.688Z [Modules] Streaming discord_voice@1 to /home/nart/.config/discord/0.0.39/modules/pending/discord_voice-1.zip: 1%
2024-01-03T20:26:57.725Z [Modules] Streaming discord_voice@1 to /home/nart/.config/discord/0.0.39/modules/pending/discord_voice-1.zip: 2%
2024-01-03T20:26:57.765Z [Modules] Streaming discord_voice@1 to /home/nart/.config/discord/0.0.39/modules/pending/discord_voice-1.zip: 3%
2024-01-03T20:26:57.808Z [Modules] Streaming discord_voice@1 to /home/nart/.config/discord/0.0.39/modules/pending/discord_voice-1.zip: 4%
2024-01-03T20:26:57.841Z [Modules] Streaming discord_voice@1 to /home/nart/.config/discord/0.0.39/modules/pending/discord_voice-1.zip: 5%
2024-01-03T20:26:57.909Z [Modules] Streaming discord_voice@1 to /home/nart/.config/discord/0.0.39/modules/pending/discord_voice-1.zip: 6%
2024-01-03T20:26:57.930Z [Modules] Streaming discord_voice@1 to /home/nart/.config/discord/0.0.39/modules/pending/discord_voice-1.zip: 7%
2024-01-03T20:26:57.990Z [Modules] Streaming discord_voice@1 to /home/nart/.config/discord/0.0.39/modules/pending/discord_voice-1.zip: 8%
2024-01-03T20:26:58.026Z [Modules] Streaming discord_voice@1 to /home/nart/.config/discord/0.0.39/modules/pending/discord_voice-1.zip: 9%
2024-01-03T20:26:58.070Z [Modules] Streaming discord_voice@1 to /home/nart/.config/discord/0.0.39/modules/pending/discord_voice-1.zip: 10%
2024-01-03T20:26:58.101Z [Modules] Streaming discord_voice@1 to /home/nart/.config/discord/0.0.39/modules/pending/discord_voice-1.zip: 11%
2024-01-03T20:26:58.160Z [Modules] Streaming discord_voice@1 to /home/nart/.config/discord/0.0.39/modules/pending/discord_voice-1.zip: 12%
2024-01-03T20:26:58.201Z [Modules] Streaming discord_voice@1 to /home/nart/.config/discord/0.0.39/modules/pending/discord_voice-1.zip: 13%
2024-01-03T20:26:58.289Z [Modules] Streaming discord_voice@1 to /home/nart/.config/discord/0.0.39/modules/pending/discord_voice-1.zip: 14%
2024-01-03T20:26:58.335Z [Modules] Streaming discord_voice@1 to /home/nart/.config/discord/0.0.39/modules/pending/discord_voice-1.zip: 15%
2024-01-03T20:26:58.394Z [Modules] Streaming discord_voice@1 to /home/nart/.config/discord/0.0.39/modules/pending/discord_voice-1.zip: 16%
2024-01-03T20:26:58.444Z [Modules] Streaming discord_voice@1 to /home/nart/.config/discord/0.0.39/modules/pending/discord_voice-1.zip: 17%
2024-01-03T20:26:58.506Z [Modules] Streaming discord_voice@1 to /home/nart/.config/discord/0.0.39/modules/pending/discord_voice-1.zip: 18%
2024-01-03T20:26:58.534Z [Modules] Streaming discord_voice@1 to /home/nart/.config/discord/0.0.39/modules/pending/discord_voice-1.zip: 19%
2024-01-03T20:26:58.586Z [Modules] Streaming discord_voice@1 to /home/nart/.config/discord/0.0.39/modules/pending/discord_voice-1.zip: 20%
2024-01-03T20:26:58.635Z [Modules] Streaming discord_voice@1 to /home/nart/.config/discord/0.0.39/modules/pending/discord_voice-1.zip: 21%
2024-01-03T20:26:58.669Z [Modules] Streaming discord_voice@1 to /home/nart/.config/discord/0.0.39/modules/pending/discord_voice-1.zip: 22%
2024-01-03T20:26:58.707Z [Modules] Streaming discord_voice@1 to /home/nart/.config/discord/0.0.39/modules/pending/discord_voice-1.zip: 23%
2024-01-03T20:26:58.737Z [Modules] Streaming discord_voice@1 to /home/nart/.config/discord/0.0.39/modules/pending/discord_voice-1.zip: 24%
2024-01-03T20:26:58.773Z [Modules] Streaming discord_voice@1 to /home/nart/.config/discord/0.0.39/modules/pending/discord_voice-1.zip: 25%
2024-01-03T20:26:58.809Z [Modules] Streaming discord_voice@1 to /home/nart/.config/discord/0.0.39/modules/pending/discord_voice-1.zip: 26%
2024-01-03T20:26:58.848Z [Modules] Streaming discord_voice@1 to /home/nart/.config/discord/0.0.39/modules/pending/discord_voice-1.zip: 27%
2024-01-03T20:26:58.891Z [Modules] Streaming discord_voice@1 to /home/nart/.config/discord/0.0.39/modules/pending/discord_voice-1.zip: 28%
2024-01-03T20:26:58.915Z [Modules] Streaming discord_voice@1 to /home/nart/.config/discord/0.0.39/modules/pending/discord_voice-1.zip: 29%
2024-01-03T20:26:58.956Z [Modules] Streaming discord_voice@1 to /home/nart/.config/discord/0.0.39/modules/pending/discord_voice-1.zip: 30%
2024-01-03T20:26:59.008Z [Modules] Streaming discord_voice@1 to /home/nart/.config/discord/0.0.39/modules/pending/discord_voice-1.zip: 31%
2024-01-03T20:26:59.048Z [Modules] Streaming discord_voice@1 to /home/nart/.config/discord/0.0.39/modules/pending/discord_voice-1.zip: 32%
2024-01-03T20:26:59.081Z [Modules] Streaming discord_voice@1 to /home/nart/.config/discord/0.0.39/modules/pending/discord_voice-1.zip: 33%
2024-01-03T20:26:59.137Z [Modules] Streaming discord_voice@1 to /home/nart/.config/discord/0.0.39/modules/pending/discord_voice-1.zip: 34%
2024-01-03T20:26:59.163Z [Modules] Streaming discord_voice@1 to /home/nart/.config/discord/0.0.39/modules/pending/discord_voice-1.zip: 35%
2024-01-03T20:26:59.202Z [Modules] Streaming discord_voice@1 to /home/nart/.config/discord/0.0.39/modules/pending/discord_voice-1.zip: 36%
2024-01-03T20:26:59.241Z [Modules] Streaming discord_voice@1 to /home/nart/.config/discord/0.0.39/modules/pending/discord_voice-1.zip: 37%
2024-01-03T20:26:59.274Z [Modules] Streaming discord_voice@1 to /home/nart/.config/discord/0.0.39/modules/pending/discord_voice-1.zip: 38%
2024-01-03T20:26:59.305Z [Modules] Streaming discord_voice@1 to /home/nart/.config/discord/0.0.39/modules/pending/discord_voice-1.zip: 39%
2024-01-03T20:26:59.342Z [Modules] Streaming discord_voice@1 to /home/nart/.config/discord/0.0.39/modules/pending/discord_voice-1.zip: 40%
2024-01-03T20:26:59.376Z [Modules] Streaming discord_voice@1 to /home/nart/.config/discord/0.0.39/modules/pending/discord_voice-1.zip: 41%
2024-01-03T20:26:59.411Z [Modules] Streaming discord_voice@1 to /home/nart/.config/discord/0.0.39/modules/pending/discord_voice-1.zip: 42%
2024-01-03T20:26:59.453Z [Modules] Streaming discord_voice@1 to /home/nart/.config/discord/0.0.39/modules/pending/discord_voice-1.zip: 43%
2024-01-03T20:26:59.490Z [Modules] Streaming discord_voice@1 to /home/nart/.config/discord/0.0.39/modules/pending/discord_voice-1.zip: 44%
2024-01-03T20:26:59.538Z [Modules] Streaming discord_voice@1 to /home/nart/.config/discord/0.0.39/modules/pending/discord_voice-1.zip: 45%
2024-01-03T20:26:59.570Z [Modules] Streaming discord_voice@1 to /home/nart/.config/discord/0.0.39/modules/pending/discord_voice-1.zip: 46%
2024-01-03T20:26:59.606Z [Modules] Streaming discord_voice@1 to /home/nart/.config/discord/0.0.39/modules/pending/discord_voice-1.zip: 47%
2024-01-03T20:26:59.633Z [Modules] Streaming discord_voice@1 to /home/nart/.config/discord/0.0.39/modules/pending/discord_voice-1.zip: 48%
2024-01-03T20:26:59.672Z [Modules] Streaming discord_voice@1 to /home/nart/.config/discord/0.0.39/modules/pending/discord_voice-1.zip: 49%
2024-01-03T20:26:59.710Z [Modules] Streaming discord_voice@1 to /home/nart/.config/discord/0.0.39/modules/pending/discord_voice-1.zip: 50%
2024-01-03T20:26:59.735Z [Modules] Streaming discord_voice@1 to /home/nart/.config/discord/0.0.39/modules/pending/discord_voice-1.zip: 51%
2024-01-03T20:26:59.755Z [Modules] Streaming discord_voice@1 to /home/nart/.config/discord/0.0.39/modules/pending/discord_voice-1.zip: 52%
2024-01-03T20:26:59.785Z [Modules] Streaming discord_voice@1 to /home/nart/.config/discord/0.0.39/modules/pending/discord_voice-1.zip: 53%
2024-01-03T20:26:59.802Z [Modules] Streaming discord_voice@1 to /home/nart/.config/discord/0.0.39/modules/pending/discord_voice-1.zip: 54%
2024-01-03T20:26:59.868Z [Modules] Streaming discord_voice@1 to /home/nart/.config/discord/0.0.39/modules/pending/discord_voice-1.zip: 55%
2024-01-03T20:26:59.915Z [Modules] Streaming discord_voice@1 to /home/nart/.config/discord/0.0.39/modules/pending/discord_voice-1.zip: 56%
2024-01-03T20:26:59.944Z [Modules] Streaming discord_voice@1 to /home/nart/.config/discord/0.0.39/modules/pending/discord_voice-1.zip: 57%
2024-01-03T20:27:00.021Z [Modules] Streaming discord_voice@1 to /home/nart/.config/discord/0.0.39/modules/pending/discord_voice-1.zip: 58%
2024-01-03T20:27:00.041Z [Modules] Streaming discord_voice@1 to /home/nart/.config/discord/0.0.39/modules/pending/discord_voice-1.zip: 59%
2024-01-03T20:27:00.088Z [Modules] Streaming discord_voice@1 to /home/nart/.config/discord/0.0.39/modules/pending/discord_voice-1.zip: 60%
2024-01-03T20:27:00.127Z [Modules] Streaming discord_voice@1 to /home/nart/.config/discord/0.0.39/modules/pending/discord_voice-1.zip: 61%
2024-01-03T20:27:00.155Z [Modules] Streaming discord_voice@1 to /home/nart/.config/discord/0.0.39/modules/pending/discord_voice-1.zip: 62%
2024-01-03T20:27:00.193Z [Modules] Streaming discord_voice@1 to /home/nart/.config/discord/0.0.39/modules/pending/discord_voice-1.zip: 63%
2024-01-03T20:27:00.232Z [Modules] Streaming discord_voice@1 to /home/nart/.config/discord/0.0.39/modules/pending/discord_voice-1.zip: 64%
2024-01-03T20:27:00.271Z [Modules] Streaming discord_voice@1 to /home/nart/.config/discord/0.0.39/modules/pending/discord_voice-1.zip: 65%
2024-01-03T20:27:00.311Z [Modules] Streaming discord_voice@1 to /home/nart/.config/discord/0.0.39/modules/pending/discord_voice-1.zip: 66%
2024-01-03T20:27:00.374Z [Modules] Streaming discord_voice@1 to /home/nart/.config/discord/0.0.39/modules/pending/discord_voice-1.zip: 67%
2024-01-03T20:27:00.420Z [Modules] Streaming discord_voice@1 to /home/nart/.config/discord/0.0.39/modules/pending/discord_voice-1.zip: 68%
2024-01-03T20:27:00.454Z [Modules] Streaming discord_voice@1 to /home/nart/.config/discord/0.0.39/modules/pending/discord_voice-1.zip: 69%
2024-01-03T20:27:00.508Z [Modules] Streaming discord_voice@1 to /home/nart/.config/discord/0.0.39/modules/pending/discord_voice-1.zip: 70%
2024-01-03T20:27:00.551Z [Modules] Streaming discord_voice@1 to /home/nart/.config/discord/0.0.39/modules/pending/discord_voice-1.zip: 71%
2024-01-03T20:27:00.638Z [Modules] Streaming discord_voice@1 to /home/nart/.config/discord/0.0.39/modules/pending/discord_voice-1.zip: 72%
2024-01-03T20:27:00.691Z [Modules] Streaming discord_voice@1 to /home/nart/.config/discord/0.0.39/modules/pending/discord_voice-1.zip: 73%
2024-01-03T20:27:00.713Z [Modules] Streaming discord_voice@1 to /home/nart/.config/discord/0.0.39/modules/pending/discord_voice-1.zip: 74%
2024-01-03T20:27:00.757Z [Modules] Streaming discord_voice@1 to /home/nart/.config/discord/0.0.39/modules/pending/discord_voice-1.zip: 75%
2024-01-03T20:27:00.778Z [Modules] Streaming discord_voice@1 to /home/nart/.config/discord/0.0.39/modules/pending/discord_voice-1.zip: 76%
2024-01-03T20:27:00.821Z [Modules] Streaming discord_voice@1 to /home/nart/.config/discord/0.0.39/modules/pending/discord_voice-1.zip: 77%
2024-01-03T20:27:00.877Z [Modules] Streaming discord_voice@1 to /home/nart/.config/discord/0.0.39/modules/pending/discord_voice-1.zip: 78%
2024-01-03T20:27:00.909Z [Modules] Streaming discord_voice@1 to /home/nart/.config/discord/0.0.39/modules/pending/discord_voice-1.zip: 79%
2024-01-03T20:27:00.953Z [Modules] Streaming discord_voice@1 to /home/nart/.config/discord/0.0.39/modules/pending/discord_voice-1.zip: 80%
2024-01-03T20:27:00.991Z [Modules] Streaming discord_voice@1 to /home/nart/.config/discord/0.0.39/modules/pending/discord_voice-1.zip: 81%
2024-01-03T20:27:01.054Z [Modules] Streaming discord_voice@1 to /home/nart/.config/discord/0.0.39/modules/pending/discord_voice-1.zip: 82%
2024-01-03T20:27:01.070Z [Modules] Streaming discord_voice@1 to /home/nart/.config/discord/0.0.39/modules/pending/discord_voice-1.zip: 83%
2024-01-03T20:27:01.101Z [Modules] Streaming discord_voice@1 to /home/nart/.config/discord/0.0.39/modules/pending/discord_voice-1.zip: 84%
2024-01-03T20:27:01.126Z [Modules] Streaming discord_voice@1 to /home/nart/.config/discord/0.0.39/modules/pending/discord_voice-1.zip: 85%
2024-01-03T20:27:01.188Z [Modules] Streaming discord_voice@1 to /home/nart/.config/discord/0.0.39/modules/pending/discord_voice-1.zip: 86%
2024-01-03T20:27:01.216Z [Modules] Streaming discord_voice@1 to /home/nart/.config/discord/0.0.39/modules/pending/discord_voice-1.zip: 87%
2024-01-03T20:27:01.281Z [Modules] Streaming discord_voice@1 to /home/nart/.config/discord/0.0.39/modules/pending/discord_voice-1.zip: 88%
2024-01-03T20:27:01.320Z [Modules] Streaming discord_voice@1 to /home/nart/.config/discord/0.0.39/modules/pending/discord_voice-1.zip: 89%
2024-01-03T20:27:01.386Z [Modules] Streaming discord_voice@1 to /home/nart/.config/discord/0.0.39/modules/pending/discord_voice-1.zip: 90%
2024-01-03T20:27:01.465Z [Modules] Streaming discord_voice@1 to /home/nart/.config/discord/0.0.39/modules/pending/discord_voice-1.zip: 91%
2024-01-03T20:27:01.495Z [Modules] Streaming discord_voice@1 to /home/nart/.config/discord/0.0.39/modules/pending/discord_voice-1.zip: 92%
2024-01-03T20:27:01.587Z [Modules] Streaming discord_voice@1 to /home/nart/.config/discord/0.0.39/modules/pending/discord_voice-1.zip: 93%
2024-01-03T20:27:01.634Z [Modules] Streaming discord_voice@1 to /home/nart/.config/discord/0.0.39/modules/pending/discord_voice-1.zip: 94%
2024-01-03T20:27:01.713Z [Modules] Streaming discord_voice@1 to /home/nart/.config/discord/0.0.39/modules/pending/discord_voice-1.zip: 95%
2024-01-03T20:27:01.740Z [Modules] Streaming discord_voice@1 to /home/nart/.config/discord/0.0.39/modules/pending/discord_voice-1.zip: 96%
2024-01-03T20:27:01.810Z [Modules] Streaming discord_voice@1 to /home/nart/.config/discord/0.0.39/modules/pending/discord_voice-1.zip: 97%
2024-01-03T20:27:01.896Z [Modules] Streaming discord_voice@1 to /home/nart/.config/discord/0.0.39/modules/pending/discord_voice-1.zip: 98%
2024-01-03T20:27:01.934Z [Modules] Streaming discord_voice@1 to /home/nart/.config/discord/0.0.39/modules/pending/discord_voice-1.zip: 99%
2024-01-03T20:27:02.003Z [Modules] Streaming discord_voice@1 to /home/nart/.config/discord/0.0.39/modules/pending/discord_voice-1.zip: 100%
2024-01-03T20:27:02.006Z [Modules] Finished module downloads. [success: 5] [failure: 0]
2024-01-03T20:27:02.007Z [Modules] Installing updates...
2024-01-03T20:27:02.007Z [Modules] Installing discord_desktop_core@1 from /home/nart/.config/discord/0.0.39/modules/pending/discord_desktop_core-1.zip
2024-01-03T20:27:02.076Z [Modules] Installing discord_erlpack@1 from /home/nart/.config/discord/0.0.39/modules/pending/discord_erlpack-1.zip
2024-01-03T20:27:02.120Z [Modules] Installing discord_spellcheck@1 from /home/nart/.config/discord/0.0.39/modules/pending/discord_spellcheck-1.zip
2024-01-03T20:27:02.586Z [Modules] Installing discord_utils@1 from /home/nart/.config/discord/0.0.39/modules/pending/discord_utils-1.zip
2024-01-03T20:27:02.671Z [Modules] Installing discord_voice@1 from /home/nart/.config/discord/0.0.39/modules/pending/discord_voice-1.zip
2024-01-03T20:27:03.201Z [Modules] Finished module installations. [success: 5] [failure: 0]
2024-01-03T20:27:03.201Z [Modules] Checking for host updates.
2024-01-03T20:27:03.502Z [Modules] Host is up to date.
2024-01-03T20:27:03.502Z [Modules] Checking for module updates at https://discord.com/api/modules/stable/versions.json
2024-01-03T20:27:03.506Z [Modules] No module updates available.
2024-01-03T20:27:05.573Z [Modules] Starting to install discord_krisp...
2024-01-03T20:27:05.573Z [Modules] Fetching discord_krisp@1 from https://discord.com/api/modules/stable/discord_krisp/1
2024-01-03T20:27:05.574Z [Modules] Streaming discord_krisp@1 to /home/nart/.config/discord/0.0.39/modules/pending/discord_krisp-1.zip
2024-01-03T20:27:05.579Z [Modules] Starting to install discord_game_utils...
2024-01-03T20:27:06.295Z [Modules] Streaming discord_krisp@1 to /home/nart/.config/discord/0.0.39/modules/pending/discord_krisp-1.zip: 1%
2024-01-03T20:27:06.548Z [Modules] Streaming discord_krisp@1 to /home/nart/.config/discord/0.0.39/modules/pending/discord_krisp-1.zip: 2%
2024-01-03T20:27:06.575Z [Modules] Streaming discord_krisp@1 to /home/nart/.config/discord/0.0.39/modules/pending/discord_krisp-1.zip: 3%
2024-01-03T20:27:06.622Z [Modules] Streaming discord_krisp@1 to /home/nart/.config/discord/0.0.39/modules/pending/discord_krisp-1.zip: 4%
2024-01-03T20:27:06.647Z [Modules] Streaming discord_krisp@1 to /home/nart/.config/discord/0.0.39/modules/pending/discord_krisp-1.zip: 5%
2024-01-03T20:27:06.690Z [Modules] Streaming discord_krisp@1 to /home/nart/.config/discord/0.0.39/modules/pending/discord_krisp-1.zip: 6%
2024-01-03T20:27:06.738Z [Modules] Streaming discord_krisp@1 to /home/nart/.config/discord/0.0.39/modules/pending/discord_krisp-1.zip: 7%
2024-01-03T20:27:06.785Z [Modules] Streaming discord_krisp@1 to /home/nart/.config/discord/0.0.39/modules/pending/discord_krisp-1.zip: 8%
2024-01-03T20:27:06.824Z [Modules] Streaming discord_krisp@1 to /home/nart/.config/discord/0.0.39/modules/pending/discord_krisp-1.zip: 9%
2024-01-03T20:27:06.886Z [Modules] Streaming discord_krisp@1 to /home/nart/.config/discord/0.0.39/modules/pending/discord_krisp-1.zip: 10%
2024-01-03T20:27:06.945Z [Modules] Checking for host updates.
2024-01-03T20:27:06.960Z [Modules] Streaming discord_krisp@1 to /home/nart/.config/discord/0.0.39/modules/pending/discord_krisp-1.zip: 11%
2024-01-03T20:27:07.004Z [Modules] Starting to install discord_rpc...
2024-01-03T20:27:07.004Z [Modules] Streaming discord_krisp@1 to /home/nart/.config/discord/0.0.39/modules/pending/discord_krisp-1.zip: 12%
2024-01-03T20:27:07.039Z [Modules] Streaming discord_krisp@1 to /home/nart/.config/discord/0.0.39/modules/pending/discord_krisp-1.zip: 13%
2024-01-03T20:27:07.084Z [Modules] Streaming discord_krisp@1 to /home/nart/.config/discord/0.0.39/modules/pending/discord_krisp-1.zip: 14%
2024-01-03T20:27:07.106Z [Modules] Host is up to date.
2024-01-03T20:27:07.106Z [Modules] Checking for module updates at https://discord.com/api/modules/stable/versions.json
2024-01-03T20:27:07.109Z [Modules] No module updates available.
2024-01-03T20:27:07.144Z [Modules] Streaming discord_krisp@1 to /home/nart/.config/discord/0.0.39/modules/pending/discord_krisp-1.zip: 15%
2024-01-03T20:27:07.163Z [Modules] Streaming discord_krisp@1 to /home/nart/.config/discord/0.0.39/modules/pending/discord_krisp-1.zip: 16%
2024-01-03T20:27:07.212Z [Modules] Streaming discord_krisp@1 to /home/nart/.config/discord/0.0.39/modules/pending/discord_krisp-1.zip: 17%
2024-01-03T20:27:07.256Z [Modules] Streaming discord_krisp@1 to /home/nart/.config/discord/0.0.39/modules/pending/discord_krisp-1.zip: 18%
2024-01-03T20:27:07.311Z [Modules] Streaming discord_krisp@1 to /home/nart/.config/discord/0.0.39/modules/pending/discord_krisp-1.zip: 19%
2024-01-03T20:27:07.334Z [Modules] Streaming discord_krisp@1 to /home/nart/.config/discord/0.0.39/modules/pending/discord_krisp-1.zip: 20%
2024-01-03T20:27:07.368Z [Modules] Streaming discord_krisp@1 to /home/nart/.config/discord/0.0.39/modules/pending/discord_krisp-1.zip: 21%
2024-01-03T20:27:07.465Z [Modules] Streaming discord_krisp@1 to /home/nart/.config/discord/0.0.39/modules/pending/discord_krisp-1.zip: 22%
2024-01-03T20:27:07.536Z [Modules] Streaming discord_krisp@1 to /home/nart/.config/discord/0.0.39/modules/pending/discord_krisp-1.zip: 23%
2024-01-03T20:27:07.671Z [Modules] Streaming discord_krisp@1 to /home/nart/.config/discord/0.0.39/modules/pending/discord_krisp-1.zip: 24%
2024-01-03T20:27:07.753Z [Modules] Streaming discord_krisp@1 to /home/nart/.config/discord/0.0.39/modules/pending/discord_krisp-1.zip: 25%
2024-01-03T20:27:07.802Z [Modules] Streaming discord_krisp@1 to /home/nart/.config/discord/0.0.39/modules/pending/discord_krisp-1.zip: 26%
2024-01-03T20:27:07.873Z [Modules] Streaming discord_krisp@1 to /home/nart/.config/discord/0.0.39/modules/pending/discord_krisp-1.zip: 27%
2024-01-03T20:27:08.041Z [Modules] Streaming discord_krisp@1 to /home/nart/.config/discord/0.0.39/modules/pending/discord_krisp-1.zip: 28%
2024-01-03T20:27:08.076Z [Modules] Streaming discord_krisp@1 to /home/nart/.config/discord/0.0.39/modules/pending/discord_krisp-1.zip: 29%
2024-01-03T20:27:08.118Z [Modules] Streaming discord_krisp@1 to /home/nart/.config/discord/0.0.39/modules/pending/discord_krisp-1.zip: 30%
2024-01-03T20:27:08.153Z [Modules] Streaming discord_krisp@1 to /home/nart/.config/discord/0.0.39/modules/pending/discord_krisp-1.zip: 31%
2024-01-03T20:27:08.182Z [Modules] Streaming discord_krisp@1 to /home/nart/.config/discord/0.0.39/modules/pending/discord_krisp-1.zip: 32%
2024-01-03T20:27:08.223Z [Modules] Streaming discord_krisp@1 to /home/nart/.config/discord/0.0.39/modules/pending/discord_krisp-1.zip: 33%
2024-01-03T20:27:08.256Z [Modules] Streaming discord_krisp@1 to /home/nart/.config/discord/0.0.39/modules/pending/discord_krisp-1.zip: 34%
2024-01-03T20:27:08.360Z [Modules] Streaming discord_krisp@1 to /home/nart/.config/discord/0.0.39/modules/pending/discord_krisp-1.zip: 35%
2024-01-03T20:27:08.387Z [Modules] Streaming discord_krisp@1 to /home/nart/.config/discord/0.0.39/modules/pending/discord_krisp-1.zip: 36%
2024-01-03T20:27:08.437Z [Modules] Streaming discord_krisp@1 to /home/nart/.config/discord/0.0.39/modules/pending/discord_krisp-1.zip: 37%
2024-01-03T20:27:08.458Z [Modules] Streaming discord_krisp@1 to /home/nart/.config/discord/0.0.39/modules/pending/discord_krisp-1.zip: 38%
2024-01-03T20:27:08.493Z [Modules] Streaming discord_krisp@1 to /home/nart/.config/discord/0.0.39/modules/pending/discord_krisp-1.zip: 39%
2024-01-03T20:27:08.546Z [Modules] Streaming discord_krisp@1 to /home/nart/.config/discord/0.0.39/modules/pending/discord_krisp-1.zip: 40%
2024-01-03T20:27:08.631Z [Modules] Streaming discord_krisp@1 to /home/nart/.config/discord/0.0.39/modules/pending/discord_krisp-1.zip: 41%
2024-01-03T20:27:08.649Z [Modules] Streaming discord_krisp@1 to /home/nart/.config/discord/0.0.39/modules/pending/discord_krisp-1.zip: 42%
2024-01-03T20:27:08.682Z [Modules] Streaming discord_krisp@1 to /home/nart/.config/discord/0.0.39/modules/pending/discord_krisp-1.zip: 43%
2024-01-03T20:27:08.735Z [Modules] Streaming discord_krisp@1 to /home/nart/.config/discord/0.0.39/modules/pending/discord_krisp-1.zip: 44%
2024-01-03T20:27:08.774Z [Modules] Streaming discord_krisp@1 to /home/nart/.config/discord/0.0.39/modules/pending/discord_krisp-1.zip: 45%
2024-01-03T20:27:08.801Z [Modules] Streaming discord_krisp@1 to /home/nart/.config/discord/0.0.39/modules/pending/discord_krisp-1.zip: 46%
2024-01-03T20:27:08.935Z [Modules] Streaming discord_krisp@1 to /home/nart/.config/discord/0.0.39/modules/pending/discord_krisp-1.zip: 47%
2024-01-03T20:27:08.994Z [Modules] Streaming discord_krisp@1 to /home/nart/.config/discord/0.0.39/modules/pending/discord_krisp-1.zip: 48%
2024-01-03T20:27:09.082Z [Modules] Streaming discord_krisp@1 to /home/nart/.config/discord/0.0.39/modules/pending/discord_krisp-1.zip: 49%
2024-01-03T20:27:09.152Z [Modules] Streaming discord_krisp@1 to /home/nart/.config/discord/0.0.39/modules/pending/discord_krisp-1.zip: 50%
2024-01-03T20:27:09.210Z [Modules] Streaming discord_krisp@1 to /home/nart/.config/discord/0.0.39/modules/pending/discord_krisp-1.zip: 51%
2024-01-03T20:27:09.285Z [Modules] Streaming discord_krisp@1 to /home/nart/.config/discord/0.0.39/modules/pending/discord_krisp-1.zip: 52%
2024-01-03T20:27:09.316Z [Modules] Streaming discord_krisp@1 to /home/nart/.config/discord/0.0.39/modules/pending/discord_krisp-1.zip: 53%
2024-01-03T20:27:09.487Z [Modules] Streaming discord_krisp@1 to /home/nart/.config/discord/0.0.39/modules/pending/discord_krisp-1.zip: 54%
2024-01-03T20:27:09.550Z [Modules] Streaming discord_krisp@1 to /home/nart/.config/discord/0.0.39/modules/pending/discord_krisp-1.zip: 55%
2024-01-03T20:27:09.586Z [Modules] Streaming discord_krisp@1 to /home/nart/.config/discord/0.0.39/modules/pending/discord_krisp-1.zip: 56%
2024-01-03T20:27:09.621Z [Modules] Streaming discord_krisp@1 to /home/nart/.config/discord/0.0.39/modules/pending/discord_krisp-1.zip: 57%
2024-01-03T20:27:09.660Z [Modules] Streaming discord_krisp@1 to /home/nart/.config/discord/0.0.39/modules/pending/discord_krisp-1.zip: 58%
2024-01-03T20:27:09.707Z [Modules] Streaming discord_krisp@1 to /home/nart/.config/discord/0.0.39/modules/pending/discord_krisp-1.zip: 59%
2024-01-03T20:27:09.818Z [Modules] Streaming discord_krisp@1 to /home/nart/.config/discord/0.0.39/modules/pending/discord_krisp-1.zip: 60%
2024-01-03T20:27:09.868Z [Modules] Streaming discord_krisp@1 to /home/nart/.config/discord/0.0.39/modules/pending/discord_krisp-1.zip: 61%
2024-01-03T20:27:09.930Z [Modules] Streaming discord_krisp@1 to /home/nart/.config/discord/0.0.39/modules/pending/discord_krisp-1.zip: 62%
2024-01-03T20:27:09.980Z [Modules] Streaming discord_krisp@1 to /home/nart/.config/discord/0.0.39/modules/pending/discord_krisp-1.zip: 63%
2024-01-03T20:27:10.031Z [Modules] Streaming discord_krisp@1 to /home/nart/.config/discord/0.0.39/modules/pending/discord_krisp-1.zip: 64%
2024-01-03T20:27:10.111Z [Modules] Streaming discord_krisp@1 to /home/nart/.config/discord/0.0.39/modules/pending/discord_krisp-1.zip: 65%
2024-01-03T20:27:10.163Z [Modules] Streaming discord_krisp@1 to /home/nart/.config/discord/0.0.39/modules/pending/discord_krisp-1.zip: 66%
2024-01-03T20:27:10.177Z [Modules] Streaming discord_krisp@1 to /home/nart/.config/discord/0.0.39/modules/pending/discord_krisp-1.zip: 67%
2024-01-03T20:27:10.215Z [Modules] Streaming discord_krisp@1 to /home/nart/.config/discord/0.0.39/modules/pending/discord_krisp-1.zip: 68%
2024-01-03T20:27:10.239Z [Modules] Streaming discord_krisp@1 to /home/nart/.config/discord/0.0.39/modules/pending/discord_krisp-1.zip: 69%
2024-01-03T20:27:10.265Z [Modules] Streaming discord_krisp@1 to /home/nart/.config/discord/0.0.39/modules/pending/discord_krisp-1.zip: 70%
2024-01-03T20:27:10.294Z [Modules] Streaming discord_krisp@1 to /home/nart/.config/discord/0.0.39/modules/pending/discord_krisp-1.zip: 71%
2024-01-03T20:27:10.305Z [Modules] Streaming discord_krisp@1 to /home/nart/.config/discord/0.0.39/modules/pending/discord_krisp-1.zip: 72%
2024-01-03T20:27:10.325Z [Modules] Streaming discord_krisp@1 to /home/nart/.config/discord/0.0.39/modules/pending/discord_krisp-1.zip: 73%
2024-01-03T20:27:10.383Z [Modules] Streaming discord_krisp@1 to /home/nart/.config/discord/0.0.39/modules/pending/discord_krisp-1.zip: 74%
2024-01-03T20:27:10.408Z [Modules] Streaming discord_krisp@1 to /home/nart/.config/discord/0.0.39/modules/pending/discord_krisp-1.zip: 75%
2024-01-03T20:27:10.448Z [Modules] Streaming discord_krisp@1 to /home/nart/.config/discord/0.0.39/modules/pending/discord_krisp-1.zip: 76%
2024-01-03T20:27:10.486Z [Modules] Streaming discord_krisp@1 to /home/nart/.config/discord/0.0.39/modules/pending/discord_krisp-1.zip: 77%
2024-01-03T20:27:10.512Z [Modules] Streaming discord_krisp@1 to /home/nart/.config/discord/0.0.39/modules/pending/discord_krisp-1.zip: 78%
2024-01-03T20:27:10.565Z [Modules] Streaming discord_krisp@1 to /home/nart/.config/discord/0.0.39/modules/pending/discord_krisp-1.zip: 79%
2024-01-03T20:27:10.629Z [Modules] Streaming discord_krisp@1 to /home/nart/.config/discord/0.0.39/modules/pending/discord_krisp-1.zip: 80%
2024-01-03T20:27:10.787Z [Modules] Streaming discord_krisp@1 to /home/nart/.config/discord/0.0.39/modules/pending/discord_krisp-1.zip: 81%
2024-01-03T20:27:10.846Z [Modules] Streaming discord_krisp@1 to /home/nart/.config/discord/0.0.39/modules/pending/discord_krisp-1.zip: 82%
2024-01-03T20:27:10.876Z [Modules] Streaming discord_krisp@1 to /home/nart/.config/discord/0.0.39/modules/pending/discord_krisp-1.zip: 83%
2024-01-03T20:27:10.920Z [Modules] Streaming discord_krisp@1 to /home/nart/.config/discord/0.0.39/modules/pending/discord_krisp-1.zip: 84%
2024-01-03T20:27:10.939Z [Modules] Streaming discord_krisp@1 to /home/nart/.config/discord/0.0.39/modules/pending/discord_krisp-1.zip: 85%
2024-01-03T20:27:10.993Z [Modules] Streaming discord_krisp@1 to /home/nart/.config/discord/0.0.39/modules/pending/discord_krisp-1.zip: 86%
2024-01-03T20:27:11.049Z [Modules] Streaming discord_krisp@1 to /home/nart/.config/discord/0.0.39/modules/pending/discord_krisp-1.zip: 87%
2024-01-03T20:27:11.079Z [Modules] Streaming discord_krisp@1 to /home/nart/.config/discord/0.0.39/modules/pending/discord_krisp-1.zip: 88%
2024-01-03T20:27:11.142Z [Modules] Streaming discord_krisp@1 to /home/nart/.config/discord/0.0.39/modules/pending/discord_krisp-1.zip: 89%
2024-01-03T20:27:11.156Z [Modules] Streaming discord_krisp@1 to /home/nart/.config/discord/0.0.39/modules/pending/discord_krisp-1.zip: 90%
2024-01-03T20:27:11.207Z [Modules] Streaming discord_krisp@1 to /home/nart/.config/discord/0.0.39/modules/pending/discord_krisp-1.zip: 91%
2024-01-03T20:27:11.295Z [Modules] Streaming discord_krisp@1 to /home/nart/.config/discord/0.0.39/modules/pending/discord_krisp-1.zip: 92%
2024-01-03T20:27:11.347Z [Modules] Streaming discord_krisp@1 to /home/nart/.config/discord/0.0.39/modules/pending/discord_krisp-1.zip: 93%
2024-01-03T20:27:11.459Z [Modules] Streaming discord_krisp@1 to /home/nart/.config/discord/0.0.39/modules/pending/discord_krisp-1.zip: 94%
2024-01-03T20:27:11.513Z [Modules] Streaming discord_krisp@1 to /home/nart/.config/discord/0.0.39/modules/pending/discord_krisp-1.zip: 95%
2024-01-03T20:27:11.552Z [Modules] Streaming discord_krisp@1 to /home/nart/.config/discord/0.0.39/modules/pending/discord_krisp-1.zip: 96%
2024-01-03T20:27:11.597Z [Modules] Streaming discord_krisp@1 to /home/nart/.config/discord/0.0.39/modules/pending/discord_krisp-1.zip: 97%
2024-01-03T20:27:11.633Z [Modules] Streaming discord_krisp@1 to /home/nart/.config/discord/0.0.39/modules/pending/discord_krisp-1.zip: 98%
2024-01-03T20:27:11.666Z [Modules] Streaming discord_krisp@1 to /home/nart/.config/discord/0.0.39/modules/pending/discord_krisp-1.zip: 99%
2024-01-03T20:27:11.695Z [Modules] Streaming discord_krisp@1 to /home/nart/.config/discord/0.0.39/modules/pending/discord_krisp-1.zip: 100%
2024-01-03T20:27:11.698Z [Modules] Fetching discord_game_utils@1 from https://discord.com/api/modules/stable/discord_game_utils/1
2024-01-03T20:27:11.699Z [Modules] Streaming discord_game_utils@1 to /home/nart/.config/discord/0.0.39/modules/pending/discord_game_utils-1.zip
2024-01-03T20:27:11.699Z [Modules] Installing discord_krisp@1 from /home/nart/.config/discord/0.0.39/modules/pending/discord_krisp-1.zip
2024-01-03T20:27:11.842Z [Modules] Streaming discord_game_utils@1 to /home/nart/.config/discord/0.0.39/modules/pending/discord_game_utils-1.zip: 1%
2024-01-03T20:27:11.911Z [Modules] Streaming discord_game_utils@1 to /home/nart/.config/discord/0.0.39/modules/pending/discord_game_utils-1.zip: 3%
2024-01-03T20:27:11.913Z [Modules] Streaming discord_game_utils@1 to /home/nart/.config/discord/0.0.39/modules/pending/discord_game_utils-1.zip: 4%
2024-01-03T20:27:11.913Z [Modules] Streaming discord_game_utils@1 to /home/nart/.config/discord/0.0.39/modules/pending/discord_game_utils-1.zip: 6%
2024-01-03T20:27:11.935Z [Modules] Streaming discord_game_utils@1 to /home/nart/.config/discord/0.0.39/modules/pending/discord_game_utils-1.zip: 9%
2024-01-03T20:27:11.935Z [Modules] Streaming discord_game_utils@1 to /home/nart/.config/discord/0.0.39/modules/pending/discord_game_utils-1.zip: 10%
2024-01-03T20:27:11.959Z [Modules] Streaming discord_game_utils@1 to /home/nart/.config/discord/0.0.39/modules/pending/discord_game_utils-1.zip: 11%
2024-01-03T20:27:11.969Z [Modules] Streaming discord_game_utils@1 to /home/nart/.config/discord/0.0.39/modules/pending/discord_game_utils-1.zip: 14%
2024-01-03T20:27:11.969Z [Modules] Streaming discord_game_utils@1 to /home/nart/.config/discord/0.0.39/modules/pending/discord_game_utils-1.zip: 16%
2024-01-03T20:27:11.976Z [Modules] Streaming discord_game_utils@1 to /home/nart/.config/discord/0.0.39/modules/pending/discord_game_utils-1.zip: 18%
2024-01-03T20:27:11.979Z [Modules] Streaming discord_game_utils@1 to /home/nart/.config/discord/0.0.39/modules/pending/discord_game_utils-1.zip: 20%
2024-01-03T20:27:12.004Z [Modules] Streaming discord_game_utils@1 to /home/nart/.config/discord/0.0.39/modules/pending/discord_game_utils-1.zip: 22%
2024-01-03T20:27:12.012Z [Modules] Streaming discord_game_utils@1 to /home/nart/.config/discord/0.0.39/modules/pending/discord_game_utils-1.zip: 24%
2024-01-03T20:27:12.021Z [Modules] Finished module installations. [success: 1] [failure: 0]
2024-01-03T20:27:12.026Z [Modules] Streaming discord_game_utils@1 to /home/nart/.config/discord/0.0.39/modules/pending/discord_game_utils-1.zip: 31%
2024-01-03T20:27:12.050Z [Modules] Streaming discord_game_utils@1 to /home/nart/.config/discord/0.0.39/modules/pending/discord_game_utils-1.zip: 33%
2024-01-03T20:27:12.064Z [Modules] Streaming discord_game_utils@1 to /home/nart/.config/discord/0.0.39/modules/pending/discord_game_utils-1.zip: 36%
2024-01-03T20:27:12.065Z [Modules] Streaming discord_game_utils@1 to /home/nart/.config/discord/0.0.39/modules/pending/discord_game_utils-1.zip: 39%
2024-01-03T20:27:12.065Z [Modules] Streaming discord_game_utils@1 to /home/nart/.config/discord/0.0.39/modules/pending/discord_game_utils-1.zip: 40%
2024-01-03T20:27:12.085Z [Modules] Streaming discord_game_utils@1 to /home/nart/.config/discord/0.0.39/modules/pending/discord_game_utils-1.zip: 43%
2024-01-03T20:27:12.085Z [Modules] Streaming discord_game_utils@1 to /home/nart/.config/discord/0.0.39/modules/pending/discord_game_utils-1.zip: 44%
2024-01-03T20:27:12.112Z [Modules] Streaming discord_game_utils@1 to /home/nart/.config/discord/0.0.39/modules/pending/discord_game_utils-1.zip: 46%
2024-01-03T20:27:12.112Z [Modules] Streaming discord_game_utils@1 to /home/nart/.config/discord/0.0.39/modules/pending/discord_game_utils-1.zip: 47%
2024-01-03T20:27:12.112Z [Modules] Streaming discord_game_utils@1 to /home/nart/.config/discord/0.0.39/modules/pending/discord_game_utils-1.zip: 49%
2024-01-03T20:27:12.130Z [Modules] Streaming discord_game_utils@1 to /home/nart/.config/discord/0.0.39/modules/pending/discord_game_utils-1.zip: 51%
2024-01-03T20:27:12.149Z [Modules] Streaming discord_game_utils@1 to /home/nart/.config/discord/0.0.39/modules/pending/discord_game_utils-1.zip: 53%
2024-01-03T20:27:12.166Z [Modules] Streaming discord_game_utils@1 to /home/nart/.config/discord/0.0.39/modules/pending/discord_game_utils-1.zip: 55%
2024-01-03T20:27:12.167Z [Modules] Streaming discord_game_utils@1 to /home/nart/.config/discord/0.0.39/modules/pending/discord_game_utils-1.zip: 57%
2024-01-03T20:27:12.206Z [Modules] Streaming discord_game_utils@1 to /home/nart/.config/discord/0.0.39/modules/pending/discord_game_utils-1.zip: 59%
2024-01-03T20:27:12.207Z [Modules] Streaming discord_game_utils@1 to /home/nart/.config/discord/0.0.39/modules/pending/discord_game_utils-1.zip: 60%
2024-01-03T20:27:12.233Z [Modules] Streaming discord_game_utils@1 to /home/nart/.config/discord/0.0.39/modules/pending/discord_game_utils-1.zip: 62%
2024-01-03T20:27:12.233Z [Modules] Streaming discord_game_utils@1 to /home/nart/.config/discord/0.0.39/modules/pending/discord_game_utils-1.zip: 64%
2024-01-03T20:27:12.266Z [Modules] Streaming discord_game_utils@1 to /home/nart/.config/discord/0.0.39/modules/pending/discord_game_utils-1.zip: 67%
2024-01-03T20:27:12.266Z [Modules] Streaming discord_game_utils@1 to /home/nart/.config/discord/0.0.39/modules/pending/discord_game_utils-1.zip: 70%
2024-01-03T20:27:12.288Z [Modules] Streaming discord_game_utils@1 to /home/nart/.config/discord/0.0.39/modules/pending/discord_game_utils-1.zip: 72%
2024-01-03T20:27:12.289Z [Modules] Streaming discord_game_utils@1 to /home/nart/.config/discord/0.0.39/modules/pending/discord_game_utils-1.zip: 75%
2024-01-03T20:27:12.298Z [Modules] Streaming discord_game_utils@1 to /home/nart/.config/discord/0.0.39/modules/pending/discord_game_utils-1.zip: 76%
2024-01-03T20:27:12.318Z [Modules] Streaming discord_game_utils@1 to /home/nart/.config/discord/0.0.39/modules/pending/discord_game_utils-1.zip: 77%
2024-01-03T20:27:12.321Z [Modules] Streaming discord_game_utils@1 to /home/nart/.config/discord/0.0.39/modules/pending/discord_game_utils-1.zip: 78%
2024-01-03T20:27:12.336Z [Modules] Streaming discord_game_utils@1 to /home/nart/.config/discord/0.0.39/modules/pending/discord_game_utils-1.zip: 79%
2024-01-03T20:27:12.347Z [Modules] Streaming discord_game_utils@1 to /home/nart/.config/discord/0.0.39/modules/pending/discord_game_utils-1.zip: 81%
2024-01-03T20:27:12.348Z [Modules] Streaming discord_game_utils@1 to /home/nart/.config/discord/0.0.39/modules/pending/discord_game_utils-1.zip: 82%
2024-01-03T20:27:12.354Z [Modules] Streaming discord_game_utils@1 to /home/nart/.config/discord/0.0.39/modules/pending/discord_game_utils-1.zip: 83%
2024-01-03T20:27:12.355Z [Modules] Streaming discord_game_utils@1 to /home/nart/.config/discord/0.0.39/modules/pending/discord_game_utils-1.zip: 84%
2024-01-03T20:27:12.359Z [Modules] Streaming discord_game_utils@1 to /home/nart/.config/discord/0.0.39/modules/pending/discord_game_utils-1.zip: 85%
2024-01-03T20:27:12.364Z [Modules] Streaming discord_game_utils@1 to /home/nart/.config/discord/0.0.39/modules/pending/discord_game_utils-1.zip: 86%
2024-01-03T20:27:12.425Z [Modules] Streaming discord_game_utils@1 to /home/nart/.config/discord/0.0.39/modules/pending/discord_game_utils-1.zip: 88%
2024-01-03T20:27:12.426Z [Modules] Streaming discord_game_utils@1 to /home/nart/.config/discord/0.0.39/modules/pending/discord_game_utils-1.zip: 92%
2024-01-03T20:27:12.456Z [Modules] Streaming discord_game_utils@1 to /home/nart/.config/discord/0.0.39/modules/pending/discord_game_utils-1.zip: 95%
2024-01-03T20:27:12.457Z [Modules] Streaming discord_game_utils@1 to /home/nart/.config/discord/0.0.39/modules/pending/discord_game_utils-1.zip: 96%
2024-01-03T20:27:12.471Z [Modules] Streaming discord_game_utils@1 to /home/nart/.config/discord/0.0.39/modules/pending/discord_game_utils-1.zip: 99%
2024-01-03T20:27:12.478Z [Modules] Streaming discord_game_utils@1 to /home/nart/.config/discord/0.0.39/modules/pending/discord_game_utils-1.zip: 100%
2024-01-03T20:27:12.481Z [Modules] Fetching discord_rpc@1 from https://discord.com/api/modules/stable/discord_rpc/1
2024-01-03T20:27:12.482Z [Modules] Streaming discord_rpc@1 to /home/nart/.config/discord/0.0.39/modules/pending/discord_rpc-1.zip
2024-01-03T20:27:12.482Z [Modules] Installing discord_game_utils@1 from /home/nart/.config/discord/0.0.39/modules/pending/discord_game_utils-1.zip
2024-01-03T20:27:12.588Z [Modules] Finished module installations. [success: 1] [failure: 0]
2024-01-03T20:27:12.613Z [Modules] Streaming discord_rpc@1 to /home/nart/.config/discord/0.0.39/modules/pending/discord_rpc-1.zip: 38%
2024-01-03T20:27:12.619Z [Modules] Streaming discord_rpc@1 to /home/nart/.config/discord/0.0.39/modules/pending/discord_rpc-1.zip: 100%
2024-01-03T20:27:12.620Z [Modules] Finished module downloads. [success: 3] [failure: 0]
2024-01-03T20:27:12.620Z [Modules] Installing discord_rpc@1 from /home/nart/.config/discord/0.0.39/modules/pending/discord_rpc-1.zip
2024-01-03T20:27:12.643Z [Modules] Finished module installations. [success: 1] [failure: 0]
2024-01-03T20:27:20.475Z [Modules] Modules initializing
2024-01-03T20:27:20.476Z [Modules] Distribution: remote
2024-01-03T20:27:20.476Z [Modules] Host updates: enabled
2024-01-03T20:27:20.476Z [Modules] Module updates: enabled
2024-01-03T20:27:20.476Z [Modules] Module install path: /home/nart/.config/discord/0.0.39/modules
2024-01-03T20:27:20.476Z [Modules] Module installed file path: /home/nart/.config/discord/0.0.39/modules/installed.json
2024-01-03T20:27:20.476Z [Modules] Module download path: /home/nart/.config/discord/0.0.39/modules/pending
2024-01-03T20:27:20.589Z [Modules] No updates to install
2024-01-03T20:27:20.590Z [Modules] Checking for host updates.
2024-01-03T20:27:50.845Z [Modules] Host is up to date.
2024-01-03T20:27:50.845Z [Modules] Checking for module updates at https://discord.com/api/modules/stable/versions.json
2024-01-03T20:27:50.850Z [Modules] No module updates available.
2024-01-03T20:27:53.537Z [Modules] Checking for host updates.
2024-01-03T20:27:53.694Z [Modules] Host is up to date.
2024-01-03T20:27:53.694Z [Modules] Checking for module updates at https://discord.com/api/modules/stable/versions.json
2024-01-03T20:27:53.696Z [Modules] No module updates available.
2024-01-08T03:34:06.098Z [Modules] Modules initializing
2024-01-08T03:34:06.098Z [Modules] Distribution: remote
2024-01-08T03:34:06.098Z [Modules] Host updates: enabled
2024-01-08T03:34:06.098Z [Modules] Module updates: enabled
2024-01-08T03:34:06.098Z [Modules] Module install path: /home/nart/.config/discord/0.0.39/modules
2024-01-08T03:34:06.098Z [Modules] Module installed file path: /home/nart/.config/discord/0.0.39/modules/installed.json
2024-01-08T03:34:06.098Z [Modules] Module download path: /home/nart/.config/discord/0.0.39/modules/pending
2024-01-08T03:34:06.220Z [Modules] No updates to install
2024-01-08T03:34:06.220Z [Modules] Checking for host updates.
2024-01-08T03:34:06.649Z [Modules] Host is up to date.
2024-01-08T03:34:06.650Z [Modules] Checking for module updates at https://discord.com/api/modules/stable/versions.json
2024-01-08T03:34:06.726Z [Modules] No module updates available.
2024-01-08T03:34:08.603Z [Modules] Checking for host updates.
2024-01-08T03:34:08.703Z [Modules] Host is up to date.
2024-01-08T03:34:08.703Z [Modules] Checking for module updates at https://discord.com/api/modules/stable/versions.json
2024-01-08T03:34:08.705Z [Modules] No module updates available.
2024-01-08T13:28:18.982Z [Modules] Checking for host updates.
2024-01-08T13:28:19.011Z [Modules] Host update failed: Error: getaddrinfo EAI_AGAIN discord.com
2024-01-08T14:37:48.363Z [Modules] Checking for host updates.
2024-01-08T14:37:48.375Z [Modules] Host update failed: Error: getaddrinfo EAI_AGAIN discord.com
2024-01-08T16:21:07.717Z [Modules] Checking for host updates.
2024-01-08T16:21:07.901Z [Modules] Host is up to date.
2024-01-08T16:21:07.902Z [Modules] Checking for module updates at https://discord.com/api/modules/stable/versions.json
2024-01-08T16:21:07.944Z [Modules] No module updates available.
2024-01-08T17:50:49.873Z [Modules] Checking for host updates.
2024-01-08T17:50:50.010Z [Modules] Host is up to date.
2024-01-08T17:50:50.011Z [Modules] Checking for module updates at https://discord.com/api/modules/stable/versions.json
2024-01-08T17:50:50.056Z [Modules] No module updates available.
2024-01-09T19:45:06.165Z [Modules] Checking for host updates.
2024-01-09T19:45:06.331Z [Modules] Host update is available. Manual update required!
2024-01-13T18:14:07.154Z [Modules] Modules initializing
2024-01-13T18:14:07.154Z [Modules] Distribution: remote
2024-01-13T18:14:07.154Z [Modules] Host updates: enabled
2024-01-13T18:14:07.154Z [Modules] Module updates: enabled
2024-01-13T18:14:07.155Z [Modules] Module install path: /home/nart/.config/discord/0.0.39/modules
2024-01-13T18:14:07.155Z [Modules] Module installed file path: /home/nart/.config/discord/0.0.39/modules/installed.json
2024-01-13T18:14:07.155Z [Modules] Module download path: /home/nart/.config/discord/0.0.39/modules/pending
2024-01-13T18:14:07.266Z [Modules] No updates to install
2024-01-13T18:14:07.266Z [Modules] Checking for host updates.
2024-01-13T18:14:07.437Z [Modules] Host update is available. Manual update required!
2024-01-13T18:14:23.611Z [Modules] Modules initializing
2024-01-13T18:14:23.611Z [Modules] Distribution: remote
2024-01-13T18:14:23.611Z [Modules] Host updates: enabled
2024-01-13T18:14:23.611Z [Modules] Module updates: enabled
2024-01-13T18:14:23.611Z [Modules] Module install path: /home/nart/.config/discord/0.0.39/modules
2024-01-13T18:14:23.611Z [Modules] Module installed file path: /home/nart/.config/discord/0.0.39/modules/installed.json
2024-01-13T18:14:23.611Z [Modules] Module download path: /home/nart/.config/discord/0.0.39/modules/pending
2024-01-13T18:14:23.723Z [Modules] No updates to install
2024-01-13T18:14:23.724Z [Modules] Checking for host updates.
2024-01-13T18:14:24.272Z [Modules] Host update is available. Manual update required!
2024-01-13T18:20:07.201Z [Modules] Modules initializing
2024-01-13T18:20:07.201Z [Modules] Distribution: remote
2024-01-13T18:20:07.201Z [Modules] Host updates: enabled
2024-01-13T18:20:07.201Z [Modules] Module updates: enabled
2024-01-13T18:20:07.201Z [Modules] Module install path: /home/nart/.config/discord/0.0.39/modules
2024-01-13T18:20:07.201Z [Modules] Module installed file path: /home/nart/.config/discord/0.0.39/modules/installed.json
2024-01-13T18:20:07.201Z [Modules] Module download path: /home/nart/.config/discord/0.0.39/modules/pending
2024-01-13T18:20:07.323Z [Modules] No updates to install
2024-01-13T18:20:07.325Z [Modules] Checking for host updates.
2024-01-13T18:20:17.022Z [Modules] Host update is available. Manual update required!
2024-01-13T18:20:26.342Z [Modules] Modules initializing
2024-01-13T18:20:26.342Z [Modules] Distribution: remote
2024-01-13T18:20:26.342Z [Modules] Host updates: enabled
2024-01-13T18:20:26.343Z [Modules] Module updates: enabled
2024-01-13T18:20:26.343Z [Modules] Module install path: /home/nart/.config/discord/0.0.39/modules
2024-01-13T18:20:26.343Z [Modules] Module installed file path: /home/nart/.config/discord/0.0.39/modules/installed.json
2024-01-13T18:20:26.343Z [Modules] Module download path: /home/nart/.config/discord/0.0.39/modules/pending
2024-01-13T18:20:26.457Z [Modules] No updates to install
2024-01-13T18:20:26.457Z [Modules] Checking for host updates.
2024-01-13T18:20:26.642Z [Modules] Host update is available. Manual update required!
